[2026-05-10T03:46:45.274Z] ================================================================================
[2026-05-10T03:46:45.287Z] ===== START CART TEST =====
[2026-05-10T03:46:45.287Z] ================================================================================
[2026-05-10T03:46:45.789Z] Navigate to: https://demo.nopcommerce.com/
[2026-05-10T03:46:45.791Z] Navigating to https://demo.nopcommerce.com/
[2026-05-10T03:46:46.261Z] Waiting for Search Input to be visible
[2026-05-10T03:46:51.675Z] Search Input is visible
[2026-05-10T03:46:51.678Z] ================================================================================
[2026-05-10T03:46:51.679Z] RUN TEST: SC-037
[2026-05-10T03:46:51.680Z] ================================================================================
[2026-05-10T03:46:51.682Z] Navigate: Books 
[2026-05-10T03:46:51.682Z] Waiting for Top menu: Books to be visible
[2026-05-10T03:46:51.693Z] Top menu: Books is visible
[2026-05-10T03:46:51.694Z] Clicking element: Top menu: Books
[2026-05-10T03:46:51.696Z] Waiting for Top menu: Books to be clickable
[2026-05-10T03:46:51.697Z] Waiting for Top menu: Books to be visible
[2026-05-10T03:46:51.707Z] Top menu: Books is visible
[2026-05-10T03:46:51.723Z] Top menu: Books is clickable
[2026-05-10T03:46:52.557Z] Add to cart: First Prize Pies
[2026-05-10T03:46:52.558Z] Clicking element: Add button: First Prize Pies
[2026-05-10T03:46:52.558Z] Waiting for Add button: First Prize Pies to be clickable
[2026-05-10T03:46:52.559Z] Waiting for Add button: First Prize Pies to be visible
[2026-05-10T03:46:52.594Z] Add button: First Prize Pies is visible
[2026-05-10T03:46:52.643Z] Add button: First Prize Pies is clickable
[2026-05-10T03:46:52.807Z] Open mini cart
[2026-05-10T03:46:52.812Z] Waiting for Mini Cart Label to be visible
[2026-05-10T03:46:52.816Z] Mini Cart Label is visible
[2026-05-10T03:46:52.857Z] Waiting for Mini Cart Dropdown to be visible
[2026-05-10T03:46:52.863Z] Mini Cart Dropdown is visible
[2026-05-10T03:46:52.864Z] Waiting for Mini Cart Count to be visible
[2026-05-10T03:46:52.870Z] Mini Cart Count is visible
[2026-05-10T03:46:52.880Z] Waiting for Mini Cart Count to be visible
[2026-05-10T03:46:52.886Z] Mini Cart Count is visible
[2026-05-10T03:46:53.260Z] Open mini cart
[2026-05-10T03:46:53.266Z] Waiting for Mini Cart Label to be visible
[2026-05-10T03:46:53.274Z] Mini Cart Label is visible
[2026-05-10T03:47:15.633Z] ================================================================================
[2026-05-10T03:47:15.634Z] ===== END CART TEST =====
[2026-05-10T03:47:15.635Z] ================================================================================
