[2026-05-09T18:41:56.843Z] ================================================================================
[2026-05-09T18:41:56.844Z] ===== START CART TEST =====
[2026-05-09T18:41:56.845Z] ================================================================================
[2026-05-09T18:41:57.591Z] Navigate to: https://demo.nopcommerce.com/
[2026-05-09T18:41:57.592Z] Navigating to https://demo.nopcommerce.com/
[2026-05-09T18:41:58.058Z] Waiting for Search Input to be visible
[2026-05-09T18:42:04.095Z] Search Input is visible
[2026-05-09T18:42:04.097Z] ================================================================================
[2026-05-09T18:42:04.098Z] RUN TEST: SC-004
[2026-05-09T18:42:04.110Z] ================================================================================
[2026-05-09T18:42:04.112Z] Navigate: Books 
[2026-05-09T18:42:04.112Z] Waiting for Top menu: Books to be visible
[2026-05-09T18:42:04.126Z] Top menu: Books is visible
[2026-05-09T18:42:04.128Z] Clicking element: Top menu: Books
[2026-05-09T18:42:04.129Z] Waiting for Top menu: Books to be clickable
[2026-05-09T18:42:04.132Z] Waiting for Top menu: Books to be visible
[2026-05-09T18:42:04.207Z] Top menu: Books is visible
[2026-05-09T18:42:04.224Z] Top menu: Books is clickable
[2026-05-09T18:42:05.375Z] Add to cart: First Prize Pies
[2026-05-09T18:42:05.376Z] Clicking element: Add button: First Prize Pies
[2026-05-09T18:42:05.376Z] Waiting for Add button: First Prize Pies to be clickable
[2026-05-09T18:42:05.376Z] Waiting for Add button: First Prize Pies to be visible
[2026-05-09T18:42:05.438Z] Add button: First Prize Pies is visible
[2026-05-09T18:42:05.447Z] Add button: First Prize Pies is clickable
[2026-05-09T18:42:05.489Z] Add to cart: First Prize Pies
[2026-05-09T18:42:05.491Z] Clicking element: Add button: First Prize Pies
[2026-05-09T18:42:05.493Z] Waiting for Add button: First Prize Pies to be clickable
[2026-05-09T18:42:05.495Z] Waiting for Add button: First Prize Pies to be visible
[2026-05-09T18:42:05.502Z] Add button: First Prize Pies is visible
[2026-05-09T18:42:05.509Z] Add button: First Prize Pies is clickable
[2026-05-09T18:42:05.543Z] Navigating to https://demo.nopcommerce.com/cart
[2026-05-09T18:42:16.887Z] ================================================================================
[2026-05-09T18:42:16.893Z] ===== END CART TEST =====
[2026-05-09T18:42:16.895Z] ================================================================================
