[2026-05-13T07:43:50.562Z] ================================================================================
[2026-05-13T07:43:50.564Z] ===== START CART TEST =====
[2026-05-13T07:43:50.565Z] ================================================================================
[2026-05-13T07:43:51.082Z] Navigate to: https://demo.nopcommerce.com/
[2026-05-13T07:43:51.085Z] Navigating to https://demo.nopcommerce.com/
[2026-05-13T07:43:53.941Z] Waiting for Search Input to be visible
[2026-05-13T07:43:54.022Z] Search Input is visible
[2026-05-13T07:43:54.028Z] ================================================================================
[2026-05-13T07:43:54.031Z] RUN TEST: SC-001
[2026-05-13T07:43:54.033Z] ================================================================================
[2026-05-13T07:43:54.039Z] Navigate: Books 
[2026-05-13T07:43:54.042Z] Waiting for Top menu: Books to be visible
[2026-05-13T07:43:54.084Z] Top menu: Books is visible
[2026-05-13T07:43:54.086Z] Clicking element: Top menu: Books
[2026-05-13T07:43:54.089Z] Waiting for Top menu: Books to be clickable
[2026-05-13T07:43:54.091Z] Waiting for Top menu: Books to be visible
[2026-05-13T07:43:54.353Z] Top menu: Books is visible
[2026-05-13T07:43:54.487Z] Top menu: Books is clickable
[2026-05-13T07:43:55.787Z] Add to cart: First Prize Pies
[2026-05-13T07:43:55.788Z] Clicking element: Add button: First Prize Pies
[2026-05-13T07:43:55.790Z] Waiting for Add button: First Prize Pies to be clickable
[2026-05-13T07:43:55.791Z] Waiting for Add button: First Prize Pies to be visible
[2026-05-13T07:43:55.893Z] Add button: First Prize Pies is visible
[2026-05-13T07:43:55.910Z] Add button: First Prize Pies is clickable
[2026-05-13T07:43:56.021Z] Open mini cart
[2026-05-13T07:43:56.057Z] Waiting for Mini Cart Label to be visible
[2026-05-13T07:43:56.124Z] Mini Cart Label is visible
[2026-05-13T07:43:56.177Z] Waiting for Mini Cart Dropdown to be visible
[2026-05-13T07:43:56.195Z] Mini Cart Dropdown is visible
[2026-05-13T07:43:56.201Z] Verify success notification
[2026-05-13T07:43:56.206Z] Waiting for success notification to be visible
[2026-05-13T07:43:56.371Z] success notification is visible
[2026-05-13T07:43:56.418Z] Waiting for Mini Cart Count to be visible
[2026-05-13T07:43:56.485Z] Mini Cart Count is visible
[2026-05-13T07:43:57.540Z] Navigate to: https://demo.nopcommerce.com/
[2026-05-13T07:43:57.542Z] Navigating to https://demo.nopcommerce.com/
[2026-05-13T07:43:58.929Z] Waiting for Search Input to be visible
[2026-05-13T07:43:58.980Z] Search Input is visible
[2026-05-13T07:43:58.982Z] ================================================================================
[2026-05-13T07:43:58.984Z] RUN TEST: SC-002
[2026-05-13T07:43:58.985Z] ================================================================================
[2026-05-13T07:43:58.987Z] Navigate: Books 
[2026-05-13T07:43:58.990Z] Waiting for Top menu: Books to be visible
[2026-05-13T07:43:59.026Z] Top menu: Books is visible
[2026-05-13T07:43:59.028Z] Clicking element: Top menu: Books
[2026-05-13T07:43:59.029Z] Waiting for Top menu: Books to be clickable
[2026-05-13T07:43:59.030Z] Waiting for Top menu: Books to be visible
[2026-05-13T07:43:59.068Z] Top menu: Books is visible
[2026-05-13T07:43:59.101Z] Top menu: Books is clickable
[2026-05-13T07:44:00.348Z] Add to cart: First Prize Pies
[2026-05-13T07:44:00.349Z] Clicking element: Add button: First Prize Pies
[2026-05-13T07:44:00.351Z] Waiting for Add button: First Prize Pies to be clickable
[2026-05-13T07:44:00.353Z] Waiting for Add button: First Prize Pies to be visible
[2026-05-13T07:44:00.470Z] Add button: First Prize Pies is visible
[2026-05-13T07:44:00.482Z] Add button: First Prize Pies is clickable
[2026-05-13T07:44:00.558Z] Add to cart: First Prize Pies
[2026-05-13T07:44:00.559Z] Clicking element: Add button: First Prize Pies
[2026-05-13T07:44:00.561Z] Waiting for Add button: First Prize Pies to be clickable
[2026-05-13T07:44:00.563Z] Waiting for Add button: First Prize Pies to be visible
[2026-05-13T07:44:00.585Z] Add button: First Prize Pies is visible
[2026-05-13T07:44:00.606Z] Add button: First Prize Pies is clickable
[2026-05-13T07:44:00.666Z] Navigating to https://demo.nopcommerce.com/cart
[2026-05-13T07:44:01.729Z] Verify success notification
[2026-05-13T07:44:01.731Z] Waiting for success notification to be visible
[2026-05-13T07:44:17.118Z] ================================================================================
[2026-05-13T07:44:17.120Z] ===== END CART TEST =====
[2026-05-13T07:44:17.121Z] ================================================================================
