[2026-05-09T18:46:36.585Z] ================================================================================
[2026-05-09T18:46:36.586Z] ===== START CART TEST =====
[2026-05-09T18:46:36.587Z] ================================================================================
[2026-05-09T18:46:37.506Z] Navigate to: https://demo.nopcommerce.com/
[2026-05-09T18:46:37.507Z] Navigating to https://demo.nopcommerce.com/
[2026-05-09T18:46:37.939Z] Waiting for Search Input to be visible
[2026-05-09T18:46:43.948Z] Search Input is visible
[2026-05-09T18:46:43.951Z] ================================================================================
[2026-05-09T18:46:43.952Z] RUN TEST: SC-004
[2026-05-09T18:46:43.953Z] ================================================================================
[2026-05-09T18:46:43.959Z] Navigate: Books 
[2026-05-09T18:46:43.961Z] Waiting for Top menu: Books to be visible
[2026-05-09T18:46:43.976Z] Top menu: Books is visible
[2026-05-09T18:46:43.978Z] Clicking element: Top menu: Books
[2026-05-09T18:46:43.979Z] Waiting for Top menu: Books to be clickable
[2026-05-09T18:46:43.980Z] Waiting for Top menu: Books to be visible
[2026-05-09T18:46:43.992Z] Top menu: Books is visible
[2026-05-09T18:46:44.015Z] Top menu: Books is clickable
[2026-05-09T18:46:44.842Z] Add to cart: First Prize Pies
[2026-05-09T18:46:44.844Z] Clicking element: Add button: First Prize Pies
[2026-05-09T18:46:44.846Z] Waiting for Add button: First Prize Pies to be clickable
[2026-05-09T18:46:44.847Z] Waiting for Add button: First Prize Pies to be visible
[2026-05-09T18:46:44.941Z] Add button: First Prize Pies is visible
[2026-05-09T18:46:44.955Z] Add button: First Prize Pies is clickable
[2026-05-09T18:46:44.986Z] Add to cart: First Prize Pies
[2026-05-09T18:46:44.990Z] Clicking element: Add button: First Prize Pies
[2026-05-09T18:46:44.993Z] Waiting for Add button: First Prize Pies to be clickable
[2026-05-09T18:46:44.994Z] Waiting for Add button: First Prize Pies to be visible
[2026-05-09T18:46:45.006Z] Add button: First Prize Pies is visible
[2026-05-09T18:46:45.015Z] Add button: First Prize Pies is clickable
[2026-05-09T18:46:45.060Z] Navigating to https://demo.nopcommerce.com/cart
[2026-05-09T18:46:55.875Z] ================================================================================
[2026-05-09T18:46:55.877Z] ===== END CART TEST =====
[2026-05-09T18:46:55.879Z] ================================================================================
