[2026-05-10T02:40:52.207Z] ================================================================================
[2026-05-10T02:40:52.210Z] ===== START CART TEST =====
[2026-05-10T02:40:52.212Z] ================================================================================
[2026-05-10T02:40:52.996Z] Navigate to: https://demo.nopcommerce.com/
[2026-05-10T02:40:52.997Z] Navigating to https://demo.nopcommerce.com/
[2026-05-10T02:40:53.472Z] Waiting for Search Input to be visible
[2026-05-10T02:40:59.733Z] Search Input is visible
[2026-05-10T02:40:59.736Z] ================================================================================
[2026-05-10T02:40:59.737Z] RUN TEST: SC-017
[2026-05-10T02:40:59.749Z] ================================================================================
[2026-05-10T02:40:59.756Z] Navigate: Jewelry 
[2026-05-10T02:40:59.760Z] Waiting for Top menu: Jewelry to be visible
[2026-05-10T02:40:59.779Z] Top menu: Jewelry is visible
[2026-05-10T02:40:59.780Z] Clicking element: Top menu: Jewelry
[2026-05-10T02:40:59.781Z] Waiting for Top menu: Jewelry to be clickable
[2026-05-10T02:40:59.781Z] Waiting for Top menu: Jewelry to be visible
[2026-05-10T02:40:59.796Z] Top menu: Jewelry is visible
[2026-05-10T02:40:59.814Z] Top menu: Jewelry is clickable
[2026-05-10T02:41:01.125Z] Open product: Elegant Gemstone Necklace (rental)
[2026-05-10T02:41:01.127Z] Clicking element: Product title
[2026-05-10T02:41:01.128Z] Waiting for Product title to be clickable
[2026-05-10T02:41:01.128Z] Waiting for Product title to be visible
[2026-05-10T02:41:01.151Z] Product title is visible
[2026-05-10T02:41:01.176Z] Product title is clickable
[2026-05-10T02:41:02.313Z] Inputting "05/10/2026" into element: Rent start date
[2026-05-10T02:41:02.314Z] Waiting for Rent start date to be visible
[2026-05-10T02:41:02.335Z] Rent start date is visible
[2026-05-10T02:41:02.419Z] Inputting "05/11/2026" into element: Rent end date
[2026-05-10T02:41:02.420Z] Waiting for Rent end date to be visible
[2026-05-10T02:41:02.453Z] Rent end date is visible
[2026-05-10T02:41:02.522Z] Add to cart from product detail
[2026-05-10T02:41:02.524Z] Clicking element: Add to cart button
[2026-05-10T02:41:02.526Z] Waiting for Add to cart button to be clickable
[2026-05-10T02:41:02.529Z] Waiting for Add to cart button to be visible
[2026-05-10T02:41:02.560Z] Add to cart button is visible
[2026-05-10T02:41:02.574Z] Add to cart button is clickable
[2026-05-10T02:41:03.366Z] Navigate to: https://demo.nopcommerce.com/
[2026-05-10T02:41:03.368Z] Navigating to https://demo.nopcommerce.com/
[2026-05-10T02:41:03.826Z] Waiting for Search Input to be visible
[2026-05-10T02:41:09.842Z] Search Input is visible
[2026-05-10T02:41:09.844Z] ================================================================================
[2026-05-10T02:41:09.845Z] RUN TEST: SC-018
[2026-05-10T02:41:09.845Z] ================================================================================
[2026-05-10T02:41:09.847Z] Navigate: Jewelry 
[2026-05-10T02:41:09.848Z] Waiting for Top menu: Jewelry to be visible
[2026-05-10T02:41:09.858Z] Top menu: Jewelry is visible
[2026-05-10T02:41:09.858Z] Clicking element: Top menu: Jewelry
[2026-05-10T02:41:09.859Z] Waiting for Top menu: Jewelry to be clickable
[2026-05-10T02:41:09.859Z] Waiting for Top menu: Jewelry to be visible
[2026-05-10T02:41:09.870Z] Top menu: Jewelry is visible
[2026-05-10T02:41:09.879Z] Top menu: Jewelry is clickable
[2026-05-10T02:41:10.648Z] Open product: Elegant Gemstone Necklace (rental)
[2026-05-10T02:41:10.650Z] Clicking element: Product title
[2026-05-10T02:41:10.650Z] Waiting for Product title to be clickable
[2026-05-10T02:41:10.651Z] Waiting for Product title to be visible
[2026-05-10T02:41:10.768Z] Product title is visible
[2026-05-10T02:41:10.780Z] Product title is clickable
[2026-05-10T02:41:11.480Z] Inputting "05/10/2026" into element: Rent start date
[2026-05-10T02:41:11.481Z] Waiting for Rent start date to be visible
[2026-05-10T02:41:11.555Z] Rent start date is visible
[2026-05-10T02:41:11.630Z] Inputting "05/10/2026" into element: Rent end date
[2026-05-10T02:41:11.633Z] Waiting for Rent end date to be visible
[2026-05-10T02:41:11.643Z] Rent end date is visible
[2026-05-10T02:41:11.716Z] Add to cart from product detail
[2026-05-10T02:41:11.717Z] Clicking element: Add to cart button
[2026-05-10T02:41:11.718Z] Waiting for Add to cart button to be clickable
[2026-05-10T02:41:11.718Z] Waiting for Add to cart button to be visible
[2026-05-10T02:41:11.725Z] Add to cart button is visible
[2026-05-10T02:41:11.733Z] Add to cart button is clickable
[2026-05-10T02:41:12.438Z] Navigate to: https://demo.nopcommerce.com/
[2026-05-10T02:41:12.439Z] Navigating to https://demo.nopcommerce.com/
[2026-05-10T02:41:12.932Z] Waiting for Search Input to be visible
[2026-05-10T02:41:18.044Z] Search Input is visible
[2026-05-10T02:41:18.045Z] ================================================================================
[2026-05-10T02:41:18.046Z] RUN TEST: SC-019
[2026-05-10T02:41:18.046Z] ================================================================================
[2026-05-10T02:41:18.047Z] Navigate: Jewelry 
[2026-05-10T02:41:18.048Z] Waiting for Top menu: Jewelry to be visible
[2026-05-10T02:41:18.059Z] Top menu: Jewelry is visible
[2026-05-10T02:41:18.060Z] Clicking element: Top menu: Jewelry
[2026-05-10T02:41:18.061Z] Waiting for Top menu: Jewelry to be clickable
[2026-05-10T02:41:18.062Z] Waiting for Top menu: Jewelry to be visible
[2026-05-10T02:41:18.072Z] Top menu: Jewelry is visible
[2026-05-10T02:41:18.081Z] Top menu: Jewelry is clickable
[2026-05-10T02:41:18.944Z] Open product: Elegant Gemstone Necklace (rental)
[2026-05-10T02:41:18.946Z] Clicking element: Product title
[2026-05-10T02:41:18.947Z] Waiting for Product title to be clickable
[2026-05-10T02:41:18.947Z] Waiting for Product title to be visible
[2026-05-10T02:41:19.203Z] Product title is visible
[2026-05-10T02:41:19.216Z] Product title is clickable
[2026-05-10T02:41:20.486Z] Inputting "05/11/2026" into element: Rent start date
[2026-05-10T02:41:20.488Z] Waiting for Rent start date to be visible
[2026-05-10T02:41:20.508Z] Rent start date is visible
[2026-05-10T02:41:20.650Z] Inputting "05/10/2026" into element: Rent end date
[2026-05-10T02:41:20.653Z] Waiting for Rent end date to be visible
[2026-05-10T02:41:20.663Z] Rent end date is visible
[2026-05-10T02:41:20.755Z] Add to cart from product detail
[2026-05-10T02:41:20.758Z] Clicking element: Add to cart button
[2026-05-10T02:41:20.761Z] Waiting for Add to cart button to be clickable
[2026-05-10T02:41:20.763Z] Waiting for Add to cart button to be visible
[2026-05-10T02:41:20.775Z] Add to cart button is visible
[2026-05-10T02:41:20.783Z] Add to cart button is clickable
[2026-05-10T02:41:21.052Z] Verify error notification
[2026-05-10T02:41:21.053Z] Waiting for error notification to be visible
[2026-05-10T02:41:21.064Z] error notification is visible
[2026-05-10T02:41:21.577Z] Navigate to: https://demo.nopcommerce.com/
[2026-05-10T02:41:21.580Z] Navigating to https://demo.nopcommerce.com/
[2026-05-10T02:41:22.056Z] Waiting for Search Input to be visible
[2026-05-10T02:41:27.361Z] Search Input is visible
[2026-05-10T02:41:27.365Z] ================================================================================
[2026-05-10T02:41:27.366Z] RUN TEST: SC-020
[2026-05-10T02:41:27.366Z] ================================================================================
[2026-05-10T02:41:27.371Z] Navigate: Jewelry 
[2026-05-10T02:41:27.372Z] Waiting for Top menu: Jewelry to be visible
[2026-05-10T02:41:27.384Z] Top menu: Jewelry is visible
[2026-05-10T02:41:27.385Z] Clicking element: Top menu: Jewelry
[2026-05-10T02:41:27.386Z] Waiting for Top menu: Jewelry to be clickable
[2026-05-10T02:41:27.386Z] Waiting for Top menu: Jewelry to be visible
[2026-05-10T02:41:27.392Z] Top menu: Jewelry is visible
[2026-05-10T02:41:27.400Z] Top menu: Jewelry is clickable
[2026-05-10T02:41:28.388Z] Open product: Elegant Gemstone Necklace (rental)
[2026-05-10T02:41:28.390Z] Clicking element: Product title
[2026-05-10T02:41:28.391Z] Waiting for Product title to be clickable
[2026-05-10T02:41:28.391Z] Waiting for Product title to be visible
[2026-05-10T02:41:28.455Z] Product title is visible
[2026-05-10T02:41:28.593Z] Product title is clickable
[2026-05-10T02:41:29.306Z] Inputting "05/09/2026" into element: Rent start date
[2026-05-10T02:41:29.307Z] Waiting for Rent start date to be visible
[2026-05-10T02:41:29.352Z] Rent start date is visible
[2026-05-10T02:41:29.448Z] Inputting "05/10/2026" into element: Rent end date
[2026-05-10T02:41:29.449Z] Waiting for Rent end date to be visible
[2026-05-10T02:41:29.461Z] Rent end date is visible
[2026-05-10T02:41:29.528Z] Add to cart from product detail
[2026-05-10T02:41:29.529Z] Clicking element: Add to cart button
[2026-05-10T02:41:29.530Z] Waiting for Add to cart button to be clickable
[2026-05-10T02:41:29.531Z] Waiting for Add to cart button to be visible
[2026-05-10T02:41:29.539Z] Add to cart button is visible
[2026-05-10T02:41:29.549Z] Add to cart button is clickable
[2026-05-10T02:41:29.809Z] Verify error notification
[2026-05-10T02:41:29.810Z] Waiting for error notification to be visible
[2026-05-10T02:41:44.930Z] ================================================================================
[2026-05-10T02:41:44.935Z] ===== END CART TEST =====
[2026-05-10T02:41:44.938Z] ================================================================================
