[2026-05-10T03:43:40.308Z] ================================================================================
[2026-05-10T03:43:40.311Z] ===== START CART TEST =====
[2026-05-10T03:43:40.313Z] ================================================================================
[2026-05-10T03:43:40.919Z] Navigate to: https://demo.nopcommerce.com/
[2026-05-10T03:43:40.923Z] Navigating to https://demo.nopcommerce.com/
[2026-05-10T03:43:41.525Z] Waiting for Search Input to be visible
[2026-05-10T03:43:47.543Z] Search Input is visible
[2026-05-10T03:43:47.544Z] ================================================================================
[2026-05-10T03:43:47.546Z] RUN TEST: SC-033
[2026-05-10T03:43:47.550Z] ================================================================================
[2026-05-10T03:43:47.553Z] Navigate: Books 
[2026-05-10T03:43:47.554Z] Waiting for Top menu: Books to be visible
[2026-05-10T03:43:47.567Z] Top menu: Books is visible
[2026-05-10T03:43:47.568Z] Clicking element: Top menu: Books
[2026-05-10T03:43:47.570Z] Waiting for Top menu: Books to be clickable
[2026-05-10T03:43:47.571Z] Waiting for Top menu: Books to be visible
[2026-05-10T03:43:47.579Z] Top menu: Books is visible
[2026-05-10T03:43:47.592Z] Top menu: Books is clickable
[2026-05-10T03:43:48.588Z] Add to cart: First Prize Pies
[2026-05-10T03:43:48.591Z] Clicking element: Add button: First Prize Pies
[2026-05-10T03:43:48.594Z] Waiting for Add button: First Prize Pies to be clickable
[2026-05-10T03:43:48.597Z] Waiting for Add button: First Prize Pies to be visible
[2026-05-10T03:43:48.724Z] Add button: First Prize Pies is visible
[2026-05-10T03:43:48.742Z] Add button: First Prize Pies is clickable
[2026-05-10T03:43:48.797Z] Open mini cart
[2026-05-10T03:43:48.804Z] Waiting for Mini Cart Label to be visible
[2026-05-10T03:43:48.813Z] Mini Cart Label is visible
[2026-05-10T03:43:48.855Z] Waiting for Mini Cart Dropdown to be visible
[2026-05-10T03:43:48.863Z] Mini Cart Dropdown is visible
[2026-05-10T03:43:48.867Z] Open mini cart
[2026-05-10T03:43:48.872Z] Waiting for Mini Cart Label to be visible
[2026-05-10T03:43:48.883Z] Mini Cart Label is visible
[2026-05-10T03:43:48.908Z] Waiting for Mini Cart Dropdown to be visible
[2026-05-10T03:43:48.915Z] Mini Cart Dropdown is visible
[2026-05-10T03:43:48.916Z] Waiting for Mini Cart Dropdown to be visible
[2026-05-10T03:43:48.922Z] Mini Cart Dropdown is visible
[2026-05-10T03:43:49.384Z] Navigate to: https://demo.nopcommerce.com/
[2026-05-10T03:43:49.385Z] Navigating to https://demo.nopcommerce.com/
[2026-05-10T03:43:49.804Z] Waiting for Search Input to be visible
[2026-05-10T03:43:54.919Z] Search Input is visible
[2026-05-10T03:43:54.921Z] ================================================================================
[2026-05-10T03:43:54.922Z] RUN TEST: SC-034
[2026-05-10T03:43:54.922Z] ================================================================================
[2026-05-10T03:43:54.923Z] Navigate: Books 
[2026-05-10T03:43:54.924Z] Waiting for Top menu: Books to be visible
[2026-05-10T03:43:54.933Z] Top menu: Books is visible
[2026-05-10T03:43:54.934Z] Clicking element: Top menu: Books
[2026-05-10T03:43:54.935Z] Waiting for Top menu: Books to be clickable
[2026-05-10T03:43:54.935Z] Waiting for Top menu: Books to be visible
[2026-05-10T03:43:54.943Z] Top menu: Books is visible
[2026-05-10T03:43:54.954Z] Top menu: Books is clickable
[2026-05-10T03:43:56.385Z] Add to cart: First Prize Pies
[2026-05-10T03:43:56.388Z] Clicking element: Add button: First Prize Pies
[2026-05-10T03:43:56.388Z] Waiting for Add button: First Prize Pies to be clickable
[2026-05-10T03:43:56.389Z] Waiting for Add button: First Prize Pies to be visible
[2026-05-10T03:43:56.410Z] Add button: First Prize Pies is visible
[2026-05-10T03:43:56.462Z] Add button: First Prize Pies is clickable
[2026-05-10T03:43:56.644Z] Open mini cart
[2026-05-10T03:43:56.661Z] Waiting for Mini Cart Label to be visible
[2026-05-10T03:43:56.673Z] Mini Cart Label is visible
[2026-05-10T03:43:56.716Z] Waiting for Mini Cart Dropdown to be visible
[2026-05-10T03:43:56.722Z] Mini Cart Dropdown is visible
[2026-05-10T03:43:56.750Z] Open mini cart
[2026-05-10T03:43:56.754Z] Waiting for Mini Cart Label to be visible
[2026-05-10T03:43:56.759Z] Mini Cart Label is visible
[2026-05-10T03:43:56.785Z] Waiting for Mini Cart Dropdown to be visible
[2026-05-10T03:43:56.790Z] Mini Cart Dropdown is visible
[2026-05-10T03:43:56.791Z] Waiting for Mini Cart Dropdown to be hidden
[2026-05-10T03:43:57.165Z] Mini Cart Dropdown is hidden
[2026-05-10T03:43:57.628Z] Navigate to: https://demo.nopcommerce.com/
[2026-05-10T03:43:57.630Z] Navigating to https://demo.nopcommerce.com/
[2026-05-10T03:43:58.086Z] Waiting for Search Input to be visible
[2026-05-10T03:44:03.419Z] Search Input is visible
[2026-05-10T03:44:03.423Z] ================================================================================
[2026-05-10T03:44:03.424Z] RUN TEST: SC-035
[2026-05-10T03:44:03.425Z] ================================================================================
[2026-05-10T03:44:03.426Z] Navigate: Books 
[2026-05-10T03:44:03.426Z] Waiting for Top menu: Books to be visible
[2026-05-10T03:44:03.437Z] Top menu: Books is visible
[2026-05-10T03:44:03.438Z] Clicking element: Top menu: Books
[2026-05-10T03:44:03.438Z] Waiting for Top menu: Books to be clickable
[2026-05-10T03:44:03.439Z] Waiting for Top menu: Books to be visible
[2026-05-10T03:44:03.445Z] Top menu: Books is visible
[2026-05-10T03:44:03.458Z] Top menu: Books is clickable
[2026-05-10T03:44:04.442Z] Add to cart: First Prize Pies
[2026-05-10T03:44:04.443Z] Clicking element: Add button: First Prize Pies
[2026-05-10T03:44:04.443Z] Waiting for Add button: First Prize Pies to be clickable
[2026-05-10T03:44:04.444Z] Waiting for Add button: First Prize Pies to be visible
[2026-05-10T03:44:04.462Z] Add button: First Prize Pies is visible
[2026-05-10T03:44:04.476Z] Add button: First Prize Pies is clickable
[2026-05-10T03:44:04.710Z] Open mini cart
[2026-05-10T03:44:04.716Z] Waiting for Mini Cart Label to be visible
[2026-05-10T03:44:04.724Z] Mini Cart Label is visible
[2026-05-10T03:44:04.767Z] Waiting for Mini Cart Dropdown to be visible
[2026-05-10T03:44:04.777Z] Mini Cart Dropdown is visible
[2026-05-10T03:44:04.779Z] Open mini cart
[2026-05-10T03:44:04.785Z] Waiting for Mini Cart Label to be visible
[2026-05-10T03:44:04.791Z] Mini Cart Label is visible
[2026-05-10T03:44:04.811Z] Waiting for Mini Cart Dropdown to be visible
[2026-05-10T03:44:04.816Z] Mini Cart Dropdown is visible
[2026-05-10T03:44:04.818Z] Waiting for Mini Cart Dropdown to be visible
[2026-05-10T03:44:04.824Z] Mini Cart Dropdown is visible
[2026-05-10T03:44:05.633Z] Navigate to: https://demo.nopcommerce.com/
[2026-05-10T03:44:05.633Z] Navigating to https://demo.nopcommerce.com/
[2026-05-10T03:44:06.151Z] Waiting for Search Input to be visible
[2026-05-10T03:44:11.169Z] Search Input is visible
[2026-05-10T03:44:11.172Z] ================================================================================
[2026-05-10T03:44:11.173Z] RUN TEST: SC-036
[2026-05-10T03:44:11.173Z] ================================================================================
[2026-05-10T03:44:11.174Z] Navigate: Books 
[2026-05-10T03:44:11.175Z] Waiting for Top menu: Books to be visible
[2026-05-10T03:44:11.182Z] Top menu: Books is visible
[2026-05-10T03:44:11.184Z] Clicking element: Top menu: Books
[2026-05-10T03:44:11.186Z] Waiting for Top menu: Books to be clickable
[2026-05-10T03:44:11.188Z] Waiting for Top menu: Books to be visible
[2026-05-10T03:44:11.195Z] Top menu: Books is visible
[2026-05-10T03:44:11.203Z] Top menu: Books is clickable
[2026-05-10T03:44:12.166Z] Add to cart: First Prize Pies
[2026-05-10T03:44:12.169Z] Clicking element: Add button: First Prize Pies
[2026-05-10T03:44:12.171Z] Waiting for Add button: First Prize Pies to be clickable
[2026-05-10T03:44:12.172Z] Waiting for Add button: First Prize Pies to be visible
[2026-05-10T03:44:12.368Z] Add button: First Prize Pies is visible
[2026-05-10T03:44:12.398Z] Add button: First Prize Pies is clickable
[2026-05-10T03:44:12.438Z] Open mini cart
[2026-05-10T03:44:12.445Z] Waiting for Mini Cart Label to be visible
[2026-05-10T03:44:12.459Z] Mini Cart Label is visible
[2026-05-10T03:44:12.493Z] Waiting for Mini Cart Dropdown to be visible
[2026-05-10T03:44:12.501Z] Mini Cart Dropdown is visible
[2026-05-10T03:44:12.503Z] Navigating to https://demo.nopcommerce.com/cart
[2026-05-10T03:44:13.569Z] Update cart quantity: 3
[2026-05-10T03:44:13.570Z] Inputting "3" into element: Cart quantity input
[2026-05-10T03:44:13.571Z] Waiting for Cart quantity input to be visible
[2026-05-10T03:44:13.645Z] Cart quantity input is visible
[2026-05-10T03:44:13.688Z] Waiting for Cart quantity input to be visible
[2026-05-10T03:44:13.694Z] Cart quantity input is visible
[2026-05-10T03:44:13.706Z] Open mini cart
[2026-05-10T03:44:13.710Z] Waiting for Mini Cart Label to be visible
[2026-05-10T03:44:13.715Z] Mini Cart Label is visible
[2026-05-10T03:44:13.735Z] Waiting for Mini Cart Dropdown to be visible
[2026-05-10T03:44:23.843Z] ================================================================================
[2026-05-10T03:44:23.846Z] ===== END CART TEST =====
[2026-05-10T03:44:23.848Z] ================================================================================
