[2026-05-09T18:41:29.221Z] ================================================================================
[2026-05-09T18:41:29.223Z] ===== START CART TEST =====
[2026-05-09T18:41:29.223Z] ================================================================================
[2026-05-09T18:41:30.160Z] Navigate to: https://demo.nopcommerce.com/
[2026-05-09T18:41:30.162Z] Navigating to https://demo.nopcommerce.com/
[2026-05-09T18:41:30.680Z] Waiting for Search Input to be visible
[2026-05-09T18:41:37.941Z] Search Input is visible
[2026-05-09T18:41:37.943Z] ================================================================================
[2026-05-09T18:41:37.944Z] RUN TEST: SC-004
[2026-05-09T18:41:37.946Z] ================================================================================
[2026-05-09T18:41:37.950Z] Navigate: Books 
[2026-05-09T18:41:37.952Z] Waiting for Top menu: Books to be visible
[2026-05-09T18:41:37.990Z] Top menu: Books is visible
[2026-05-09T18:41:37.995Z] Clicking element: Top menu: Books
[2026-05-09T18:41:38.001Z] Waiting for Top menu: Books to be clickable
[2026-05-09T18:41:38.006Z] Waiting for Top menu: Books to be visible
[2026-05-09T18:41:38.107Z] Top menu: Books is visible
[2026-05-09T18:41:38.185Z] Top menu: Books is clickable
[2026-05-09T18:41:39.606Z] Add to cart: First Prize Pies
[2026-05-09T18:41:39.608Z] Clicking element: Add button: First Prize Pies
[2026-05-09T18:41:39.609Z] Waiting for Add button: First Prize Pies to be clickable
[2026-05-09T18:41:39.610Z] Waiting for Add button: First Prize Pies to be visible
[2026-05-09T18:41:39.680Z] Add button: First Prize Pies is visible
[2026-05-09T18:41:39.699Z] Add button: First Prize Pies is clickable
[2026-05-09T18:41:39.853Z] Add to cart: First Prize Pies
[2026-05-09T18:41:39.856Z] Clicking element: Add button: First Prize Pies
[2026-05-09T18:41:39.857Z] Waiting for Add button: First Prize Pies to be clickable
[2026-05-09T18:41:39.858Z] Waiting for Add button: First Prize Pies to be visible
[2026-05-09T18:41:39.983Z] Add button: First Prize Pies is visible
[2026-05-09T18:41:40.068Z] Add button: First Prize Pies is clickable
[2026-05-09T18:41:40.203Z] Navigating to https://demo.nopcommerce.com/cart
[2026-05-09T18:41:42.257Z] ================================================================================
[2026-05-09T18:41:42.260Z] ===== END CART TEST =====
[2026-05-09T18:41:42.267Z] ================================================================================
