[2026-05-13T08:03:37.655Z] ================================================================================
[2026-05-13T08:03:37.657Z] ===== START CART TEST =====
[2026-05-13T08:03:37.657Z] ================================================================================
[2026-05-13T08:03:38.310Z] Navigate to: https://demo.nopcommerce.com/
[2026-05-13T08:03:38.312Z] Navigating to https://demo.nopcommerce.com/
[2026-05-13T08:03:39.699Z] Waiting for Search Input to be visible
[2026-05-13T08:03:40.144Z] Search Input is visible
[2026-05-13T08:03:40.146Z] ================================================================================
[2026-05-13T08:03:40.148Z] RUN TEST: SC-004
[2026-05-13T08:03:40.149Z] ================================================================================
[2026-05-13T08:03:40.152Z] Navigate: Computers > Desktops
[2026-05-13T08:03:40.153Z] Waiting for Top menu: Computers to be visible
[2026-05-13T08:03:40.206Z] Top menu: Computers is visible
[2026-05-13T08:03:40.263Z] Waiting for Sub menu: Desktops to be visible
[2026-05-13T08:03:40.291Z] Sub menu: Desktops is visible
[2026-05-13T08:03:40.292Z] Clicking element: Sub menu: Desktops
[2026-05-13T08:03:40.292Z] Waiting for Sub menu: Desktops to be clickable
[2026-05-13T08:03:40.294Z] Waiting for Sub menu: Desktops to be visible
[2026-05-13T08:03:40.310Z] Sub menu: Desktops is visible
[2026-05-13T08:03:40.324Z] Sub menu: Desktops is clickable
[2026-05-13T08:03:41.479Z] Open product: Build your own computer
[2026-05-13T08:03:41.479Z] Clicking element: Product title
[2026-05-13T08:03:41.480Z] Waiting for Product title to be clickable
[2026-05-13T08:03:41.480Z] Waiting for Product title to be visible
[2026-05-13T08:03:41.591Z] Product title is visible
[2026-05-13T08:03:41.615Z] Product title is clickable
[2026-05-13T08:03:42.606Z] Configure desktop product: {"ram":"8GB","hdd":"320 GB"}
[2026-05-13T08:03:42.608Z] Waiting for RAM Select to be visible
[2026-05-13T08:03:42.645Z] RAM Select is visible
[2026-05-13T08:04:08.572Z] ================================================================================
[2026-05-13T08:04:08.575Z] ===== END CART TEST =====
[2026-05-13T08:04:08.576Z] ================================================================================
