[2026-05-10T02:21:26.850Z] ================================================================================
[2026-05-10T02:21:26.851Z] ===== START CART TEST =====
[2026-05-10T02:21:26.852Z] ================================================================================
[2026-05-10T02:21:28.168Z] Navigate to: https://demo.nopcommerce.com/
[2026-05-10T02:21:28.170Z] Navigating to https://demo.nopcommerce.com/
[2026-05-10T02:21:28.727Z] Waiting for Search Input to be visible
[2026-05-10T02:21:35.807Z] Search Input is visible
[2026-05-10T02:21:35.809Z] ================================================================================
[2026-05-10T02:21:35.810Z] RUN TEST: SC-001
[2026-05-10T02:21:35.822Z] ================================================================================
[2026-05-10T02:21:35.828Z] Navigate: Books 
[2026-05-10T02:21:35.830Z] Waiting for Top menu: Books to be visible
[2026-05-10T02:21:35.907Z] Top menu: Books is visible
[2026-05-10T02:21:35.910Z] Clicking element: Top menu: Books
[2026-05-10T02:21:35.912Z] Waiting for Top menu: Books to be clickable
[2026-05-10T02:21:35.912Z] Waiting for Top menu: Books to be visible
[2026-05-10T02:21:35.927Z] Top menu: Books is visible
[2026-05-10T02:21:36.066Z] Top menu: Books is clickable
[2026-05-10T02:21:37.202Z] Add to cart: First Prize Pies
[2026-05-10T02:21:37.203Z] Clicking element: Add button: First Prize Pies
[2026-05-10T02:21:37.204Z] Waiting for Add button: First Prize Pies to be clickable
[2026-05-10T02:21:37.205Z] Waiting for Add button: First Prize Pies to be visible
[2026-05-10T02:21:37.275Z] Add button: First Prize Pies is visible
[2026-05-10T02:21:37.293Z] Add button: First Prize Pies is clickable
[2026-05-10T02:21:37.363Z] Verify success notification
[2026-05-10T02:21:37.364Z] Waiting for success notification to be visible
[2026-05-10T02:21:37.752Z] success notification is visible
[2026-05-10T02:21:37.770Z] Clicking element: Close Notification
[2026-05-10T02:21:37.771Z] Waiting for Close Notification to be clickable
[2026-05-10T02:21:37.772Z] Waiting for Close Notification to be visible
[2026-05-10T02:21:37.785Z] Close Notification is visible
[2026-05-10T02:21:37.814Z] Close Notification is clickable
[2026-05-10T02:21:37.863Z] Open mini cart
[2026-05-10T02:21:37.872Z] Waiting for Mini Cart Label to be visible
[2026-05-10T02:21:37.892Z] Mini Cart Label is visible
[2026-05-10T02:21:39.322Z] Waiting for Mini Cart Dropdown to be visible
[2026-05-10T02:21:39.329Z] Mini Cart Dropdown is visible
[2026-05-10T02:21:39.333Z] Open mini cart
[2026-05-10T02:21:39.337Z] Waiting for Mini Cart Label to be visible
[2026-05-10T02:21:39.346Z] Mini Cart Label is visible
[2026-05-10T02:21:39.373Z] Waiting for Mini Cart Dropdown to be visible
[2026-05-10T02:21:39.378Z] Mini Cart Dropdown is visible
[2026-05-10T02:21:39.380Z] Waiting for Mini Cart Dropdown to be visible
[2026-05-10T02:21:39.384Z] Mini Cart Dropdown is visible
[2026-05-10T02:21:39.385Z] Waiting for Mini Cart Count to be visible
[2026-05-10T02:21:39.391Z] Mini Cart Count is visible
[2026-05-10T02:21:39.872Z] Navigate to: https://demo.nopcommerce.com/
[2026-05-10T02:21:39.875Z] Navigating to https://demo.nopcommerce.com/
[2026-05-10T02:21:40.395Z] Waiting for Search Input to be visible
[2026-05-10T02:21:46.423Z] Search Input is visible
[2026-05-10T02:21:46.424Z] ================================================================================
[2026-05-10T02:21:46.424Z] RUN TEST: SC-002
[2026-05-10T02:21:46.425Z] ================================================================================
[2026-05-10T02:21:46.426Z] Navigate: Books 
[2026-05-10T02:21:46.427Z] Waiting for Top menu: Books to be visible
[2026-05-10T02:21:46.438Z] Top menu: Books is visible
[2026-05-10T02:21:46.438Z] Clicking element: Top menu: Books
[2026-05-10T02:21:46.439Z] Waiting for Top menu: Books to be clickable
[2026-05-10T02:21:46.439Z] Waiting for Top menu: Books to be visible
[2026-05-10T02:21:46.447Z] Top menu: Books is visible
[2026-05-10T02:21:46.528Z] Top menu: Books is clickable
[2026-05-10T02:21:47.397Z] Add to cart: First Prize Pies
[2026-05-10T02:21:47.398Z] Clicking element: Add button: First Prize Pies
[2026-05-10T02:21:47.398Z] Waiting for Add button: First Prize Pies to be clickable
[2026-05-10T02:21:47.399Z] Waiting for Add button: First Prize Pies to be visible
[2026-05-10T02:21:47.487Z] Add button: First Prize Pies is visible
[2026-05-10T02:21:47.496Z] Add button: First Prize Pies is clickable
[2026-05-10T02:21:47.537Z] Open mini cart
[2026-05-10T02:21:47.557Z] Waiting for Mini Cart Label to be visible
[2026-05-10T02:21:47.566Z] Mini Cart Label is visible
[2026-05-10T02:21:47.601Z] Waiting for Mini Cart Dropdown to be visible
[2026-05-10T02:21:47.613Z] Mini Cart Dropdown is visible
[2026-05-10T02:21:47.615Z] Open mini cart
[2026-05-10T02:21:47.621Z] Waiting for Mini Cart Label to be visible
[2026-05-10T02:21:47.627Z] Mini Cart Label is visible
[2026-05-10T02:21:47.652Z] Waiting for Mini Cart Dropdown to be visible
[2026-05-10T02:21:47.658Z] Mini Cart Dropdown is visible
[2026-05-10T02:21:47.659Z] Waiting for Mini Cart Dropdown to be visible
[2026-05-10T02:21:47.666Z] Mini Cart Dropdown is visible
[2026-05-10T02:21:48.192Z] Navigate to: https://demo.nopcommerce.com/
[2026-05-10T02:21:48.196Z] Navigating to https://demo.nopcommerce.com/
[2026-05-10T02:21:48.728Z] Waiting for Search Input to be visible
[2026-05-10T02:21:53.731Z] Search Input is visible
[2026-05-10T02:21:53.732Z] ================================================================================
[2026-05-10T02:21:53.733Z] RUN TEST: SC-003
[2026-05-10T02:21:53.733Z] ================================================================================
[2026-05-10T02:21:53.735Z] Navigate: Computers > Desktops
[2026-05-10T02:21:53.736Z] Waiting for Top menu: Computers to be visible
[2026-05-10T02:21:53.745Z] Top menu: Computers is visible
[2026-05-10T02:21:54.009Z] Waiting for Sub menu: Desktops to be visible
[2026-05-10T02:21:54.024Z] Sub menu: Desktops is visible
[2026-05-10T02:21:54.025Z] Clicking element: Sub menu: Desktops
[2026-05-10T02:21:54.027Z] Waiting for Sub menu: Desktops to be clickable
[2026-05-10T02:21:54.028Z] Waiting for Sub menu: Desktops to be visible
[2026-05-10T02:21:54.037Z] Sub menu: Desktops is visible
[2026-05-10T02:21:54.044Z] Sub menu: Desktops is clickable
[2026-05-10T02:21:55.164Z] Add to cart: Build your own computer
[2026-05-10T02:21:55.167Z] Clicking element: Add button: Build your own computer
[2026-05-10T02:21:55.168Z] Waiting for Add button: Build your own computer to be clickable
[2026-05-10T02:21:55.169Z] Waiting for Add button: Build your own computer to be visible
[2026-05-10T02:21:55.259Z] Add button: Build your own computer is visible
[2026-05-10T02:21:55.266Z] Add button: Build your own computer is clickable
[2026-05-10T02:21:56.255Z] Navigate to: https://demo.nopcommerce.com/
[2026-05-10T02:21:56.258Z] Navigating to https://demo.nopcommerce.com/
[2026-05-10T02:21:56.738Z] Waiting for Search Input to be visible
[2026-05-10T02:22:01.828Z] Search Input is visible
[2026-05-10T02:22:01.830Z] ================================================================================
[2026-05-10T02:22:01.832Z] RUN TEST: SC-004
[2026-05-10T02:22:01.833Z] ================================================================================
[2026-05-10T02:22:01.834Z] Navigate: Books 
[2026-05-10T02:22:01.835Z] Waiting for Top menu: Books to be visible
[2026-05-10T02:22:01.846Z] Top menu: Books is visible
[2026-05-10T02:22:01.848Z] Clicking element: Top menu: Books
[2026-05-10T02:22:01.849Z] Waiting for Top menu: Books to be clickable
[2026-05-10T02:22:01.849Z] Waiting for Top menu: Books to be visible
[2026-05-10T02:22:01.857Z] Top menu: Books is visible
[2026-05-10T02:22:01.866Z] Top menu: Books is clickable
[2026-05-10T02:22:02.658Z] Add to cart: First Prize Pies
[2026-05-10T02:22:02.660Z] Clicking element: Add button: First Prize Pies
[2026-05-10T02:22:02.661Z] Waiting for Add button: First Prize Pies to be clickable
[2026-05-10T02:22:02.662Z] Waiting for Add button: First Prize Pies to be visible
[2026-05-10T02:22:02.686Z] Add button: First Prize Pies is visible
[2026-05-10T02:22:02.698Z] Add button: First Prize Pies is clickable
[2026-05-10T02:22:02.735Z] Add to cart: First Prize Pies
[2026-05-10T02:22:02.737Z] Clicking element: Add button: First Prize Pies
[2026-05-10T02:22:02.739Z] Waiting for Add button: First Prize Pies to be clickable
[2026-05-10T02:22:02.741Z] Waiting for Add button: First Prize Pies to be visible
[2026-05-10T02:22:02.760Z] Add button: First Prize Pies is visible
[2026-05-10T02:22:02.773Z] Add button: First Prize Pies is clickable
[2026-05-10T02:22:02.805Z] Navigating to https://demo.nopcommerce.com/cart
[2026-05-10T02:22:14.338Z] ================================================================================
[2026-05-10T02:22:14.340Z] ===== END CART TEST =====
[2026-05-10T02:22:14.343Z] ================================================================================
