[2026-05-09T18:45:17.882Z] ================================================================================
[2026-05-09T18:45:17.883Z] ===== START CART TEST =====
[2026-05-09T18:45:17.884Z] ================================================================================
[2026-05-09T18:45:18.694Z] Navigate to: https://demo.nopcommerce.com/
[2026-05-09T18:45:18.695Z] Navigating to https://demo.nopcommerce.com/
[2026-05-09T18:45:19.242Z] Waiting for Search Input to be visible
[2026-05-09T18:45:25.845Z] Search Input is visible
[2026-05-09T18:45:25.847Z] ================================================================================
[2026-05-09T18:45:25.848Z] RUN TEST: SC-004
[2026-05-09T18:45:25.860Z] ================================================================================
[2026-05-09T18:45:25.862Z] Navigate: Books 
[2026-05-09T18:45:25.864Z] Waiting for Top menu: Books to be visible
[2026-05-09T18:45:25.903Z] Top menu: Books is visible
[2026-05-09T18:45:25.904Z] Clicking element: Top menu: Books
[2026-05-09T18:45:25.905Z] Waiting for Top menu: Books to be clickable
[2026-05-09T18:45:25.906Z] Waiting for Top menu: Books to be visible
[2026-05-09T18:45:26.040Z] Top menu: Books is visible
[2026-05-09T18:45:26.092Z] Top menu: Books is clickable
[2026-05-09T18:45:27.549Z] Add to cart: First Prize Pies
[2026-05-09T18:45:27.552Z] Clicking element: Add button: First Prize Pies
[2026-05-09T18:45:27.555Z] Waiting for Add button: First Prize Pies to be clickable
[2026-05-09T18:45:27.557Z] Waiting for Add button: First Prize Pies to be visible
[2026-05-09T18:45:27.669Z] Add button: First Prize Pies is visible
[2026-05-09T18:45:27.689Z] Add button: First Prize Pies is clickable
[2026-05-09T18:45:27.832Z] Add to cart: First Prize Pies
[2026-05-09T18:45:27.840Z] Clicking element: Add button: First Prize Pies
[2026-05-09T18:45:27.847Z] Waiting for Add button: First Prize Pies to be clickable
[2026-05-09T18:45:27.849Z] Waiting for Add button: First Prize Pies to be visible
[2026-05-09T18:45:27.912Z] Add button: First Prize Pies is visible
[2026-05-09T18:45:27.982Z] Add button: First Prize Pies is clickable
[2026-05-09T18:45:28.315Z] Navigating to https://demo.nopcommerce.com/cart
[2026-05-09T18:45:30.286Z] ================================================================================
[2026-05-09T18:45:30.291Z] ===== END CART TEST =====
[2026-05-09T18:45:30.293Z] ================================================================================
