[2026-05-09T18:21:21.111Z] ================================================================================
[2026-05-09T18:21:21.111Z] ===== START CART TEST =====
[2026-05-09T18:21:21.112Z] ================================================================================
[2026-05-09T18:21:21.881Z] Navigate to: https://demo.nopcommerce.com/
[2026-05-09T18:21:21.883Z] Navigating to https://demo.nopcommerce.com/
[2026-05-09T18:21:22.380Z] Waiting for Search Input to be visible
[2026-05-09T18:21:28.470Z] Search Input is visible
[2026-05-09T18:21:28.473Z] ================================================================================
[2026-05-09T18:21:28.474Z] RUN TEST: SC-004
[2026-05-09T18:21:28.486Z] ================================================================================
[2026-05-09T18:21:28.489Z] Navigate: Books 
[2026-05-09T18:21:28.489Z] Waiting for Top menu: Books to be visible
[2026-05-09T18:21:28.501Z] Top menu: Books is visible
[2026-05-09T18:21:28.502Z] Clicking element: Top menu: Books
[2026-05-09T18:21:28.503Z] Waiting for Top menu: Books to be clickable
[2026-05-09T18:21:28.504Z] Waiting for Top menu: Books to be visible
[2026-05-09T18:21:28.514Z] Top menu: Books is visible
[2026-05-09T18:21:28.536Z] Top menu: Books is clickable
[2026-05-09T18:21:29.371Z] Add to cart: First Prize Pies
[2026-05-09T18:21:29.373Z] Clicking element: Add button: First Prize Pies
[2026-05-09T18:21:29.374Z] Waiting for Add button: First Prize Pies to be clickable
[2026-05-09T18:21:29.375Z] Waiting for Add button: First Prize Pies to be visible
[2026-05-09T18:21:29.470Z] Add button: First Prize Pies is visible
[2026-05-09T18:21:29.479Z] Add button: First Prize Pies is clickable
[2026-05-09T18:21:29.512Z] Add to cart: First Prize Pies
[2026-05-09T18:21:29.515Z] Clicking element: Add button: First Prize Pies
[2026-05-09T18:21:29.517Z] Waiting for Add button: First Prize Pies to be clickable
[2026-05-09T18:21:29.518Z] Waiting for Add button: First Prize Pies to be visible
[2026-05-09T18:21:29.532Z] Add button: First Prize Pies is visible
[2026-05-09T18:21:29.544Z] Add button: First Prize Pies is clickable
[2026-05-09T18:21:29.574Z] Navigating to https://demo.nopcommerce.com/cart
[2026-05-09T18:21:40.459Z] ================================================================================
[2026-05-09T18:21:40.466Z] ===== END CART TEST =====
[2026-05-09T18:21:40.470Z] ================================================================================
