[2026-05-13T07:53:43.925Z] ================================================================================
[2026-05-13T07:53:43.926Z] ===== START CART TEST =====
[2026-05-13T07:53:43.927Z] ================================================================================
[2026-05-13T07:53:44.488Z] Navigate to: https://demo.nopcommerce.com/
[2026-05-13T07:53:44.490Z] Navigating to https://demo.nopcommerce.com/
[2026-05-13T07:53:45.915Z] Waiting for Search Input to be visible
[2026-05-13T07:53:46.257Z] Search Input is visible
[2026-05-13T07:53:46.260Z] ================================================================================
[2026-05-13T07:53:46.262Z] RUN TEST: SC-003
[2026-05-13T07:53:46.263Z] ================================================================================
[2026-05-13T07:53:46.266Z] Navigate: Computers > Desktops
[2026-05-13T07:53:46.269Z] Waiting for Top menu: Computers to be visible
[2026-05-13T07:53:46.442Z] Top menu: Computers is visible
[2026-05-13T07:53:46.500Z] Waiting for Sub menu: Desktops to be visible
[2026-05-13T07:53:46.521Z] Sub menu: Desktops is visible
[2026-05-13T07:53:46.521Z] Clicking element: Sub menu: Desktops
[2026-05-13T07:53:46.523Z] Waiting for Sub menu: Desktops to be clickable
[2026-05-13T07:53:46.524Z] Waiting for Sub menu: Desktops to be visible
[2026-05-13T07:53:46.538Z] Sub menu: Desktops is visible
[2026-05-13T07:53:46.551Z] Sub menu: Desktops is clickable
[2026-05-13T07:53:47.823Z] Add to cart: Build your own computer
[2026-05-13T07:53:47.823Z] Clicking element: Add button: Build your own computer
[2026-05-13T07:53:47.824Z] Waiting for Add button: Build your own computer to be clickable
[2026-05-13T07:53:47.824Z] Waiting for Add button: Build your own computer to be visible
[2026-05-13T07:53:47.854Z] Add button: Build your own computer is visible
[2026-05-13T07:53:47.875Z] Add button: Build your own computer is clickable
[2026-05-13T07:53:49.334Z] ================================================================================
[2026-05-13T07:53:49.335Z] ===== END CART TEST =====
[2026-05-13T07:53:49.337Z] ================================================================================
