[2026-05-13T07:45:22.629Z] ================================================================================
[2026-05-13T07:45:22.630Z] ===== START CART TEST =====
[2026-05-13T07:45:22.631Z] ================================================================================
[2026-05-13T07:45:23.108Z] Navigate to: https://demo.nopcommerce.com/
[2026-05-13T07:45:23.109Z] Navigating to https://demo.nopcommerce.com/
[2026-05-13T07:45:24.793Z] Waiting for Search Input to be visible
[2026-05-13T07:45:24.903Z] Search Input is visible
[2026-05-13T07:45:24.905Z] ================================================================================
[2026-05-13T07:45:24.905Z] RUN TEST: SC-005
[2026-05-13T07:45:24.906Z] ================================================================================
[2026-05-13T07:45:24.908Z] Navigate: Computers > Desktops
[2026-05-13T07:45:24.909Z] Waiting for Top menu: Computers to be visible
[2026-05-13T07:45:24.924Z] Top menu: Computers is visible
[2026-05-13T07:45:25.078Z] Waiting for Sub menu: Desktops to be visible
[2026-05-13T07:45:25.097Z] Sub menu: Desktops is visible
[2026-05-13T07:45:25.097Z] Clicking element: Sub menu: Desktops
[2026-05-13T07:45:25.098Z] Waiting for Sub menu: Desktops to be clickable
[2026-05-13T07:45:25.099Z] Waiting for Sub menu: Desktops to be visible
[2026-05-13T07:45:25.113Z] Sub menu: Desktops is visible
[2026-05-13T07:45:25.129Z] Sub menu: Desktops is clickable
[2026-05-13T07:45:26.272Z] Open product: Build your own computer
[2026-05-13T07:45:26.273Z] Clicking element: Product title
[2026-05-13T07:45:26.273Z] Waiting for Product title to be clickable
[2026-05-13T07:45:26.274Z] Waiting for Product title to be visible
[2026-05-13T07:45:26.300Z] Product title is visible
[2026-05-13T07:45:26.316Z] Product title is clickable
[2026-05-13T07:45:27.264Z] Configure desktop product: {"ram":"8GB","hdd":"400 GB"}
[2026-05-13T07:45:27.268Z] Waiting for RAM Select to be visible
[2026-05-13T07:45:27.362Z] RAM Select is visible
[2026-05-13T07:45:53.301Z] ================================================================================
[2026-05-13T07:45:53.302Z] ===== END CART TEST =====
[2026-05-13T07:45:53.303Z] ================================================================================
