[2026-05-13T07:53:54.014Z] ================================================================================
[2026-05-13T07:53:54.015Z] ===== START CART TEST =====
[2026-05-13T07:53:54.016Z] ================================================================================
[2026-05-13T07:53:54.573Z] Navigate to: https://demo.nopcommerce.com/
[2026-05-13T07:53:54.574Z] Navigating to https://demo.nopcommerce.com/
[2026-05-13T07:53:56.002Z] Waiting for Search Input to be visible
[2026-05-13T07:53:56.332Z] Search Input is visible
[2026-05-13T07:53:56.333Z] ================================================================================
[2026-05-13T07:53:56.334Z] RUN TEST: SC-004
[2026-05-13T07:53:56.335Z] ================================================================================
[2026-05-13T07:53:56.337Z] Navigate: Computers > Desktops
[2026-05-13T07:53:56.337Z] Waiting for Top menu: Computers to be visible
[2026-05-13T07:53:56.351Z] Top menu: Computers is visible
[2026-05-13T07:53:56.407Z] Waiting for Sub menu: Desktops to be visible
[2026-05-13T07:53:56.580Z] Sub menu: Desktops is visible
[2026-05-13T07:53:56.587Z] Clicking element: Sub menu: Desktops
[2026-05-13T07:53:56.590Z] Waiting for Sub menu: Desktops to be clickable
[2026-05-13T07:53:56.593Z] Waiting for Sub menu: Desktops to be visible
[2026-05-13T07:53:56.637Z] Sub menu: Desktops is visible
[2026-05-13T07:53:56.666Z] Sub menu: Desktops is clickable
[2026-05-13T07:53:57.722Z] Open product: Build your own computer
[2026-05-13T07:53:57.727Z] Clicking element: Product title
[2026-05-13T07:53:57.729Z] Waiting for Product title to be clickable
[2026-05-13T07:53:57.732Z] Waiting for Product title to be visible
[2026-05-13T07:53:57.774Z] Product title is visible
[2026-05-13T07:53:57.809Z] Product title is clickable
[2026-05-13T07:53:58.741Z] Configure desktop product: {"ram":"8GB","hdd":"320 GB"}
[2026-05-13T07:53:58.742Z] Waiting for RAM Select to be visible
[2026-05-13T07:53:58.827Z] RAM Select is visible
[2026-05-13T07:54:24.977Z] ================================================================================
[2026-05-13T07:54:24.978Z] ===== END CART TEST =====
[2026-05-13T07:54:24.979Z] ================================================================================
