[2026-05-09T18:44:37.175Z] ================================================================================
[2026-05-09T18:44:37.176Z] ===== START CART TEST =====
[2026-05-09T18:44:37.177Z] ================================================================================
[2026-05-09T18:44:38.056Z] Navigate to: https://demo.nopcommerce.com/
[2026-05-09T18:44:38.058Z] Navigating to https://demo.nopcommerce.com/
[2026-05-09T18:44:38.652Z] Waiting for Search Input to be visible
[2026-05-09T18:44:45.824Z] Search Input is visible
[2026-05-09T18:44:45.828Z] ================================================================================
[2026-05-09T18:44:45.834Z] RUN TEST: SC-002
[2026-05-09T18:44:45.837Z] ================================================================================
[2026-05-09T18:44:45.848Z] Navigate: Books 
[2026-05-09T18:44:45.856Z] Waiting for Top menu: Books to be visible
[2026-05-09T18:44:45.947Z] Top menu: Books is visible
[2026-05-09T18:44:45.952Z] Clicking element: Top menu: Books
[2026-05-09T18:44:45.955Z] Waiting for Top menu: Books to be clickable
[2026-05-09T18:44:45.959Z] Waiting for Top menu: Books to be visible
[2026-05-09T18:44:46.039Z] Top menu: Books is visible
[2026-05-09T18:44:46.164Z] Top menu: Books is clickable
[2026-05-09T18:44:47.957Z] Add to cart: First Prize Pies
[2026-05-09T18:44:47.958Z] Clicking element: Add button: First Prize Pies
[2026-05-09T18:44:47.959Z] Waiting for Add button: First Prize Pies to be clickable
[2026-05-09T18:44:47.959Z] Waiting for Add button: First Prize Pies to be visible
[2026-05-09T18:44:47.994Z] Add button: First Prize Pies is visible
[2026-05-09T18:44:48.020Z] Add button: First Prize Pies is clickable
[2026-05-09T18:44:48.121Z] Open mini cart
[2026-05-09T18:44:48.195Z] Waiting for Mini Cart Label to be visible
[2026-05-09T18:44:48.271Z] Mini Cart Label is visible
[2026-05-09T18:44:52.929Z] Waiting for Mini Cart Dropdown to be visible
[2026-05-09T18:44:52.953Z] Mini Cart Dropdown is visible
[2026-05-09T18:44:52.956Z] Open mini cart
[2026-05-09T18:44:52.976Z] Waiting for Mini Cart Label to be visible
[2026-05-09T18:44:53.000Z] Mini Cart Label is visible
[2026-05-09T18:44:53.046Z] Waiting for Mini Cart Dropdown to be visible
[2026-05-09T18:44:53.070Z] Mini Cart Dropdown is visible
[2026-05-09T18:44:53.071Z] Waiting for Mini Cart Dropdown to be visible
[2026-05-09T18:44:53.102Z] Mini Cart Dropdown is visible
[2026-05-09T18:44:53.895Z] ================================================================================
[2026-05-09T18:44:53.901Z] ===== END CART TEST =====
[2026-05-09T18:44:53.906Z] ================================================================================
