[2026-05-13T08:03:23.911Z] ================================================================================
[2026-05-13T08:03:23.924Z] ===== START CART TEST =====
[2026-05-13T08:03:23.926Z] ================================================================================
[2026-05-13T08:03:24.564Z] Navigate to: https://demo.nopcommerce.com/
[2026-05-13T08:03:24.565Z] Navigating to https://demo.nopcommerce.com/
[2026-05-13T08:03:26.076Z] Waiting for Search Input to be visible
[2026-05-13T08:03:26.389Z] Search Input is visible
[2026-05-13T08:03:26.391Z] ================================================================================
[2026-05-13T08:03:26.392Z] RUN TEST: SC-004
[2026-05-13T08:03:26.394Z] ================================================================================
[2026-05-13T08:03:26.398Z] Navigate: Computers > Desktops
[2026-05-13T08:03:26.399Z] Waiting for Top menu: Computers to be visible
[2026-05-13T08:03:26.419Z] Top menu: Computers is visible
[2026-05-13T08:03:26.489Z] Waiting for Sub menu: Desktops to be visible
[2026-05-13T08:03:26.509Z] Sub menu: Desktops is visible
[2026-05-13T08:03:26.510Z] Clicking element: Sub menu: Desktops
[2026-05-13T08:03:26.510Z] Waiting for Sub menu: Desktops to be clickable
[2026-05-13T08:03:26.511Z] Waiting for Sub menu: Desktops to be visible
[2026-05-13T08:03:26.539Z] Sub menu: Desktops is visible
[2026-05-13T08:03:26.557Z] Sub menu: Desktops is clickable
[2026-05-13T08:03:34.905Z] ================================================================================
[2026-05-13T08:03:34.906Z] ===== END CART TEST =====
[2026-05-13T08:03:34.906Z] ================================================================================
