[2026-05-09T18:20:28.382Z] ================================================================================
[2026-05-09T18:20:28.384Z] ===== START CART TEST =====
[2026-05-09T18:20:28.385Z] ================================================================================
[2026-05-09T18:20:29.403Z] Navigate to: https://demo.nopcommerce.com/
[2026-05-09T18:20:29.404Z] Navigating to https://demo.nopcommerce.com/
[2026-05-09T18:20:29.869Z] Waiting for Search Input to be visible
[2026-05-09T18:20:35.856Z] Search Input is visible
[2026-05-09T18:20:35.860Z] ================================================================================
[2026-05-09T18:20:35.863Z] RUN TEST: SC-004
[2026-05-09T18:20:35.868Z] ================================================================================
[2026-05-09T18:20:35.878Z] Navigate: Books 
[2026-05-09T18:20:35.881Z] Waiting for Top menu: Books to be visible
[2026-05-09T18:20:35.918Z] Top menu: Books is visible
[2026-05-09T18:20:35.920Z] Clicking element: Top menu: Books
[2026-05-09T18:20:35.921Z] Waiting for Top menu: Books to be clickable
[2026-05-09T18:20:35.923Z] Waiting for Top menu: Books to be visible
[2026-05-09T18:20:35.945Z] Top menu: Books is visible
[2026-05-09T18:20:35.987Z] Top menu: Books is clickable
[2026-05-09T18:20:36.761Z] Add to cart: First Prize Pies
[2026-05-09T18:20:36.764Z] Clicking element: Add button: First Prize Pies
[2026-05-09T18:20:36.767Z] Waiting for Add button: First Prize Pies to be clickable
[2026-05-09T18:20:36.767Z] Waiting for Add button: First Prize Pies to be visible
[2026-05-09T18:20:36.837Z] Add button: First Prize Pies is visible
[2026-05-09T18:20:36.858Z] Add button: First Prize Pies is clickable
[2026-05-09T18:20:36.905Z] Add to cart: First Prize Pies
[2026-05-09T18:20:36.908Z] Clicking element: Add button: First Prize Pies
[2026-05-09T18:20:36.910Z] Waiting for Add button: First Prize Pies to be clickable
[2026-05-09T18:20:36.913Z] Waiting for Add button: First Prize Pies to be visible
[2026-05-09T18:20:36.926Z] Add button: First Prize Pies is visible
[2026-05-09T18:20:36.934Z] Add button: First Prize Pies is clickable
[2026-05-09T18:20:36.969Z] Navigating to https://demo.nopcommerce.com/cart
[2026-05-09T18:20:42.189Z] ================================================================================
[2026-05-09T18:20:42.195Z] ===== END CART TEST =====
[2026-05-09T18:20:42.198Z] ================================================================================
