[2026-05-13T07:44:18.755Z] ================================================================================
[2026-05-13T07:44:18.756Z] ===== START CART TEST =====
[2026-05-13T07:44:18.757Z] ================================================================================
[2026-05-13T07:44:19.293Z] Navigate to: https://demo.nopcommerce.com/
[2026-05-13T07:44:19.297Z] Navigating to https://demo.nopcommerce.com/
[2026-05-13T07:44:20.751Z] Waiting for Search Input to be visible
[2026-05-13T07:44:20.824Z] Search Input is visible
[2026-05-13T07:44:20.826Z] ================================================================================
[2026-05-13T07:44:20.826Z] RUN TEST: SC-003
[2026-05-13T07:44:20.827Z] ================================================================================
[2026-05-13T07:44:20.832Z] Navigate: Computers > Desktops
[2026-05-13T07:44:20.834Z] Waiting for Top menu: Computers to be visible
[2026-05-13T07:44:21.047Z] Top menu: Computers is visible
[2026-05-13T07:44:21.174Z] Waiting for Sub menu: Desktops to be visible
[2026-05-13T07:44:21.197Z] Sub menu: Desktops is visible
[2026-05-13T07:44:21.198Z] Clicking element: Sub menu: Desktops
[2026-05-13T07:44:21.199Z] Waiting for Sub menu: Desktops to be clickable
[2026-05-13T07:44:21.200Z] Waiting for Sub menu: Desktops to be visible
[2026-05-13T07:44:21.294Z] Sub menu: Desktops is visible
[2026-05-13T07:44:21.315Z] Sub menu: Desktops is clickable
[2026-05-13T07:44:49.391Z] ================================================================================
[2026-05-13T07:44:49.393Z] ===== END CART TEST =====
[2026-05-13T07:44:49.394Z] ================================================================================
