[2026-05-13T07:53:18.980Z] ================================================================================
[2026-05-13T07:53:18.982Z] ===== START CART TEST =====
[2026-05-13T07:53:18.982Z] ================================================================================
[2026-05-13T07:53:19.663Z] Navigate to: https://demo.nopcommerce.com/
[2026-05-13T07:53:19.666Z] Navigating to https://demo.nopcommerce.com/
[2026-05-13T07:53:21.255Z] Waiting for Search Input to be visible
[2026-05-13T07:53:21.456Z] Search Input is visible
[2026-05-13T07:53:21.457Z] ================================================================================
[2026-05-13T07:53:21.458Z] RUN TEST: SC-003
[2026-05-13T07:53:21.458Z] ================================================================================
[2026-05-13T07:53:21.460Z] Navigate: Computers > Desktops
[2026-05-13T07:53:21.460Z] Waiting for Top menu: Computers to be visible
[2026-05-13T07:53:21.477Z] Top menu: Computers is visible
[2026-05-13T07:53:21.540Z] Waiting for Sub menu: Desktops to be visible
[2026-05-13T07:53:21.566Z] Sub menu: Desktops is visible
[2026-05-13T07:53:21.567Z] Clicking element: Sub menu: Desktops
[2026-05-13T07:53:21.568Z] Waiting for Sub menu: Desktops to be clickable
[2026-05-13T07:53:21.569Z] Waiting for Sub menu: Desktops to be visible
[2026-05-13T07:53:21.584Z] Sub menu: Desktops is visible
[2026-05-13T07:53:21.602Z] Sub menu: Desktops is clickable
[2026-05-13T07:53:25.209Z] ================================================================================
[2026-05-13T07:53:25.210Z] ===== END CART TEST =====
[2026-05-13T07:53:25.210Z] ================================================================================
