[2026-05-09T18:31:52.365Z] ================================================================================
[2026-05-09T18:31:52.366Z] ===== START CART TEST =====
[2026-05-09T18:31:52.367Z] ================================================================================
[2026-05-09T18:31:53.100Z] Navigate to: https://demo.nopcommerce.com/
[2026-05-09T18:31:53.102Z] Navigating to https://demo.nopcommerce.com/
[2026-05-09T18:31:53.621Z] Waiting for Search Input to be visible
[2026-05-09T18:31:59.018Z] Search Input is visible
[2026-05-09T18:31:59.020Z] ================================================================================
[2026-05-09T18:31:59.021Z] RUN TEST: SC-004
[2026-05-09T18:31:59.023Z] ================================================================================
[2026-05-09T18:31:59.031Z] Navigate: Books 
[2026-05-09T18:31:59.033Z] Waiting for Top menu: Books to be visible
[2026-05-09T18:31:59.148Z] Top menu: Books is visible
[2026-05-09T18:31:59.149Z] Clicking element: Top menu: Books
[2026-05-09T18:31:59.151Z] Waiting for Top menu: Books to be clickable
[2026-05-09T18:31:59.152Z] Waiting for Top menu: Books to be visible
[2026-05-09T18:31:59.170Z] Top menu: Books is visible
[2026-05-09T18:31:59.189Z] Top menu: Books is clickable
[2026-05-09T18:31:59.987Z] Add to cart: First Prize Pies
[2026-05-09T18:31:59.989Z] Clicking element: Add button: First Prize Pies
[2026-05-09T18:31:59.991Z] Waiting for Add button: First Prize Pies to be clickable
[2026-05-09T18:31:59.992Z] Waiting for Add button: First Prize Pies to be visible
[2026-05-09T18:32:00.074Z] Add button: First Prize Pies is visible
[2026-05-09T18:32:00.090Z] Add button: First Prize Pies is clickable
[2026-05-09T18:32:00.126Z] Add to cart: First Prize Pies
[2026-05-09T18:32:00.129Z] Clicking element: Add button: First Prize Pies
[2026-05-09T18:32:00.131Z] Waiting for Add button: First Prize Pies to be clickable
[2026-05-09T18:32:00.132Z] Waiting for Add button: First Prize Pies to be visible
[2026-05-09T18:32:00.142Z] Add button: First Prize Pies is visible
[2026-05-09T18:32:00.151Z] Add button: First Prize Pies is clickable
[2026-05-09T18:32:00.180Z] Navigating to https://demo.nopcommerce.com/cart
[2026-05-09T18:32:07.652Z] ================================================================================
[2026-05-09T18:32:07.659Z] ===== END CART TEST =====
[2026-05-09T18:32:07.665Z] ================================================================================
