[2026-05-09T17:55:13.823Z] ================================================================================
[2026-05-09T17:55:13.824Z] ===== START CART TEST =====
[2026-05-09T17:55:13.825Z] ================================================================================
[2026-05-09T17:55:14.576Z] Navigate to: https://demo.nopcommerce.com/
[2026-05-09T17:55:14.576Z] Navigating to https://demo.nopcommerce.com/
[2026-05-09T17:55:15.162Z] Waiting for Search Input to be visible
[2026-05-09T17:55:21.277Z] Search Input is visible
[2026-05-09T17:55:21.278Z] ================================================================================
[2026-05-09T17:55:21.279Z] RUN TEST: SC-004
[2026-05-09T17:55:21.280Z] ================================================================================
[2026-05-09T17:55:21.284Z] Navigate: Books 
[2026-05-09T17:55:21.285Z] Waiting for Top menu: Books to be visible
[2026-05-09T17:55:21.309Z] Top menu: Books is visible
[2026-05-09T17:55:21.310Z] Clicking element: Top menu: Books
[2026-05-09T17:55:21.312Z] Waiting for Top menu: Books to be clickable
[2026-05-09T17:55:21.312Z] Waiting for Top menu: Books to be visible
[2026-05-09T17:55:21.332Z] Top menu: Books is visible
[2026-05-09T17:55:21.446Z] Top menu: Books is clickable
[2026-05-09T17:55:22.621Z] Add to cart: First Prize Pies
[2026-05-09T17:55:22.623Z] Clicking element: Add button: First Prize Pies
[2026-05-09T17:55:22.624Z] Waiting for Add button: First Prize Pies to be clickable
[2026-05-09T17:55:22.625Z] Waiting for Add button: First Prize Pies to be visible
[2026-05-09T17:55:22.818Z] Add button: First Prize Pies is visible
[2026-05-09T17:55:22.834Z] Add button: First Prize Pies is clickable
[2026-05-09T17:55:23.012Z] Add to cart: First Prize Pies
[2026-05-09T17:55:23.013Z] Clicking element: Add button: First Prize Pies
[2026-05-09T17:55:23.014Z] Waiting for Add button: First Prize Pies to be clickable
[2026-05-09T17:55:23.014Z] Waiting for Add button: First Prize Pies to be visible
[2026-05-09T17:55:23.041Z] Add button: First Prize Pies is visible
[2026-05-09T17:55:23.061Z] Add button: First Prize Pies is clickable
[2026-05-09T17:55:23.133Z] Navigating to https://demo.nopcommerce.com/cart
[2026-05-09T17:55:34.621Z] ================================================================================
[2026-05-09T17:55:34.629Z] ===== END CART TEST =====
[2026-05-09T17:55:34.636Z] ================================================================================
