[2026-05-09T18:14:34.286Z] ================================================================================
[2026-05-09T18:14:34.288Z] ===== START CART TEST =====
[2026-05-09T18:14:34.288Z] ================================================================================
[2026-05-09T18:14:35.084Z] Navigate to: https://demo.nopcommerce.com/
[2026-05-09T18:14:35.085Z] Navigating to https://demo.nopcommerce.com/
[2026-05-09T18:14:35.608Z] Waiting for Search Input to be visible
[2026-05-09T18:14:41.643Z] Search Input is visible
[2026-05-09T18:14:41.645Z] ================================================================================
[2026-05-09T18:14:41.645Z] RUN TEST: SC-004
[2026-05-09T18:14:41.646Z] ================================================================================
[2026-05-09T18:14:41.649Z] Navigate: Books 
[2026-05-09T18:14:41.650Z] Waiting for Top menu: Books to be visible
[2026-05-09T18:14:41.658Z] Top menu: Books is visible
[2026-05-09T18:14:41.658Z] Clicking element: Top menu: Books
[2026-05-09T18:14:41.659Z] Waiting for Top menu: Books to be clickable
[2026-05-09T18:14:41.660Z] Waiting for Top menu: Books to be visible
[2026-05-09T18:14:41.668Z] Top menu: Books is visible
[2026-05-09T18:14:41.686Z] Top menu: Books is clickable
[2026-05-09T18:14:42.454Z] Add to cart: First Prize Pies
[2026-05-09T18:14:42.457Z] Clicking element: Add button: First Prize Pies
[2026-05-09T18:14:42.458Z] Waiting for Add button: First Prize Pies to be clickable
[2026-05-09T18:14:42.459Z] Waiting for Add button: First Prize Pies to be visible
[2026-05-09T18:14:42.642Z] Add button: First Prize Pies is visible
[2026-05-09T18:14:42.653Z] Add button: First Prize Pies is clickable
[2026-05-09T18:14:42.695Z] Add to cart: First Prize Pies
[2026-05-09T18:14:42.697Z] Clicking element: Add button: First Prize Pies
[2026-05-09T18:14:42.700Z] Waiting for Add button: First Prize Pies to be clickable
[2026-05-09T18:14:42.701Z] Waiting for Add button: First Prize Pies to be visible
[2026-05-09T18:14:42.730Z] Add button: First Prize Pies is visible
[2026-05-09T18:14:42.746Z] Add button: First Prize Pies is clickable
[2026-05-09T18:14:42.776Z] Navigating to https://demo.nopcommerce.com/cart
[2026-05-09T18:14:53.628Z] ================================================================================
[2026-05-09T18:14:53.631Z] ===== END CART TEST =====
[2026-05-09T18:14:53.638Z] ================================================================================
