[2026-05-09T18:22:58.289Z] ================================================================================
[2026-05-09T18:22:58.290Z] ===== START CART TEST =====
[2026-05-09T18:22:58.291Z] ================================================================================
[2026-05-09T18:22:59.071Z] Navigate to: https://demo.nopcommerce.com/
[2026-05-09T18:22:59.073Z] Navigating to https://demo.nopcommerce.com/
[2026-05-09T18:22:59.539Z] Waiting for Search Input to be visible
[2026-05-09T18:23:05.585Z] Search Input is visible
[2026-05-09T18:23:05.587Z] ================================================================================
[2026-05-09T18:23:05.587Z] RUN TEST: SC-004
[2026-05-09T18:23:05.588Z] ================================================================================
[2026-05-09T18:23:05.593Z] Navigate: Books 
[2026-05-09T18:23:05.595Z] Waiting for Top menu: Books to be visible
[2026-05-09T18:23:05.615Z] Top menu: Books is visible
[2026-05-09T18:23:05.617Z] Clicking element: Top menu: Books
[2026-05-09T18:23:05.618Z] Waiting for Top menu: Books to be clickable
[2026-05-09T18:23:05.619Z] Waiting for Top menu: Books to be visible
[2026-05-09T18:23:05.723Z] Top menu: Books is visible
[2026-05-09T18:23:05.750Z] Top menu: Books is clickable
[2026-05-09T18:23:06.646Z] Add to cart: First Prize Pies
[2026-05-09T18:23:06.648Z] Clicking element: Add button: First Prize Pies
[2026-05-09T18:23:06.650Z] Waiting for Add button: First Prize Pies to be clickable
[2026-05-09T18:23:06.653Z] Waiting for Add button: First Prize Pies to be visible
[2026-05-09T18:23:06.738Z] Add button: First Prize Pies is visible
[2026-05-09T18:23:06.755Z] Add button: First Prize Pies is clickable
[2026-05-09T18:23:06.795Z] Add to cart: First Prize Pies
[2026-05-09T18:23:06.799Z] Clicking element: Add button: First Prize Pies
[2026-05-09T18:23:06.802Z] Waiting for Add button: First Prize Pies to be clickable
[2026-05-09T18:23:06.805Z] Waiting for Add button: First Prize Pies to be visible
[2026-05-09T18:23:06.817Z] Add button: First Prize Pies is visible
[2026-05-09T18:23:06.828Z] Add button: First Prize Pies is clickable
[2026-05-09T18:23:06.854Z] Navigating to https://demo.nopcommerce.com/cart
[2026-05-09T18:23:17.608Z] ================================================================================
[2026-05-09T18:23:17.611Z] ===== END CART TEST =====
[2026-05-09T18:23:17.617Z] ================================================================================
