[2026-05-09T18:46:10.563Z] ================================================================================
[2026-05-09T18:46:10.564Z] ===== START CART TEST =====
[2026-05-09T18:46:10.565Z] ================================================================================
[2026-05-09T18:46:11.335Z] Navigate to: https://demo.nopcommerce.com/
[2026-05-09T18:46:11.337Z] Navigating to https://demo.nopcommerce.com/
[2026-05-09T18:46:11.890Z] Waiting for Search Input to be visible
[2026-05-09T18:46:18.410Z] Search Input is visible
[2026-05-09T18:46:18.415Z] ================================================================================
[2026-05-09T18:46:18.417Z] RUN TEST: SC-004
[2026-05-09T18:46:18.421Z] ================================================================================
[2026-05-09T18:46:18.431Z] Navigate: Books 
[2026-05-09T18:46:18.434Z] Waiting for Top menu: Books to be visible
[2026-05-09T18:46:18.481Z] Top menu: Books is visible
[2026-05-09T18:46:18.483Z] Clicking element: Top menu: Books
[2026-05-09T18:46:18.484Z] Waiting for Top menu: Books to be clickable
[2026-05-09T18:46:18.485Z] Waiting for Top menu: Books to be visible
[2026-05-09T18:46:18.514Z] Top menu: Books is visible
[2026-05-09T18:46:18.542Z] Top menu: Books is clickable
[2026-05-09T18:46:19.881Z] Add to cart: First Prize Pies
[2026-05-09T18:46:19.883Z] Clicking element: Add button: First Prize Pies
[2026-05-09T18:46:19.886Z] Waiting for Add button: First Prize Pies to be clickable
[2026-05-09T18:46:19.888Z] Waiting for Add button: First Prize Pies to be visible
[2026-05-09T18:46:20.119Z] Add button: First Prize Pies is visible
[2026-05-09T18:46:20.136Z] Add button: First Prize Pies is clickable
[2026-05-09T18:46:20.355Z] Add to cart: First Prize Pies
[2026-05-09T18:46:20.362Z] Clicking element: Add button: First Prize Pies
[2026-05-09T18:46:20.365Z] Waiting for Add button: First Prize Pies to be clickable
[2026-05-09T18:46:20.368Z] Waiting for Add button: First Prize Pies to be visible
[2026-05-09T18:46:20.455Z] Add button: First Prize Pies is visible
[2026-05-09T18:46:20.564Z] Add button: First Prize Pies is clickable
[2026-05-09T18:46:20.836Z] Navigating to https://demo.nopcommerce.com/cart
[2026-05-09T18:46:22.837Z] ================================================================================
[2026-05-09T18:46:22.843Z] ===== END CART TEST =====
[2026-05-09T18:46:22.847Z] ================================================================================
