[2026-05-09T17:58:18.196Z] ================================================================================
[2026-05-09T17:58:18.197Z] ===== START CART TEST =====
[2026-05-09T17:58:18.198Z] ================================================================================
[2026-05-09T17:58:18.940Z] Navigate to: https://demo.nopcommerce.com/
[2026-05-09T17:58:18.942Z] Navigating to https://demo.nopcommerce.com/
[2026-05-09T17:58:19.428Z] Waiting for Search Input to be visible
[2026-05-09T17:58:24.673Z] Search Input is visible
[2026-05-09T17:58:24.675Z] ================================================================================
[2026-05-09T17:58:24.675Z] RUN TEST: SC-002
[2026-05-09T17:58:24.676Z] ================================================================================
[2026-05-09T17:58:24.678Z] Navigate: Books 
[2026-05-09T17:58:24.678Z] Waiting for Top menu: Books to be visible
[2026-05-09T17:58:24.689Z] Top menu: Books is visible
[2026-05-09T17:58:24.692Z] Clicking element: Top menu: Books
[2026-05-09T17:58:24.693Z] Waiting for Top menu: Books to be clickable
[2026-05-09T17:58:24.693Z] Waiting for Top menu: Books to be visible
[2026-05-09T17:58:24.703Z] Top menu: Books is visible
[2026-05-09T17:58:24.712Z] Top menu: Books is clickable
[2026-05-09T17:58:26.144Z] Add to cart: First Prize Pies
[2026-05-09T17:58:26.145Z] Clicking element: Add button: First Prize Pies
[2026-05-09T17:58:26.146Z] Waiting for Add button: First Prize Pies to be clickable
[2026-05-09T17:58:26.146Z] Waiting for Add button: First Prize Pies to be visible
[2026-05-09T17:58:26.247Z] Add button: First Prize Pies is visible
[2026-05-09T17:58:26.254Z] Add button: First Prize Pies is clickable
[2026-05-09T17:58:26.296Z] Open mini cart
[2026-05-09T17:58:26.305Z] Waiting for Mini Cart Label to be visible
[2026-05-09T17:58:26.311Z] Mini Cart Label is visible
[2026-05-09T17:58:26.346Z] Waiting for Mini Cart Dropdown to be visible
[2026-05-09T17:58:26.353Z] Mini Cart Dropdown is visible
[2026-05-09T17:58:26.356Z] Open mini cart
[2026-05-09T17:58:26.369Z] Waiting for Mini Cart Label to be visible
[2026-05-09T17:58:26.379Z] Mini Cart Label is visible
[2026-05-09T17:58:26.412Z] Waiting for Mini Cart Dropdown to be visible
[2026-05-09T17:58:26.416Z] Mini Cart Dropdown is visible
[2026-05-09T17:58:26.417Z] Waiting for Mini Cart Dropdown to be visible
[2026-05-09T17:58:26.421Z] Mini Cart Dropdown is visible
[2026-05-09T17:58:31.513Z] ================================================================================
[2026-05-09T17:58:31.515Z] ===== END CART TEST =====
[2026-05-09T17:58:31.516Z] ================================================================================
