[2026-05-09T18:19:31.966Z] ================================================================================
[2026-05-09T18:19:31.968Z] ===== START CART TEST =====
[2026-05-09T18:19:31.968Z] ================================================================================
[2026-05-09T18:19:32.819Z] Navigate to: https://demo.nopcommerce.com/
[2026-05-09T18:19:32.820Z] Navigating to https://demo.nopcommerce.com/
[2026-05-09T18:19:33.265Z] Waiting for Search Input to be visible
[2026-05-09T18:19:39.313Z] Search Input is visible
[2026-05-09T18:19:39.316Z] ================================================================================
[2026-05-09T18:19:39.317Z] RUN TEST: SC-004
[2026-05-09T18:19:39.318Z] ================================================================================
[2026-05-09T18:19:39.320Z] Navigate: Books 
[2026-05-09T18:19:39.321Z] Waiting for Top menu: Books to be visible
[2026-05-09T18:19:39.332Z] Top menu: Books is visible
[2026-05-09T18:19:39.333Z] Clicking element: Top menu: Books
[2026-05-09T18:19:39.335Z] Waiting for Top menu: Books to be clickable
[2026-05-09T18:19:39.335Z] Waiting for Top menu: Books to be visible
[2026-05-09T18:19:39.343Z] Top menu: Books is visible
[2026-05-09T18:19:39.364Z] Top menu: Books is clickable
[2026-05-09T18:19:40.178Z] Add to cart: First Prize Pies
[2026-05-09T18:19:40.179Z] Clicking element: Add button: First Prize Pies
[2026-05-09T18:19:40.179Z] Waiting for Add button: First Prize Pies to be clickable
[2026-05-09T18:19:40.180Z] Waiting for Add button: First Prize Pies to be visible
[2026-05-09T18:19:40.373Z] Add button: First Prize Pies is visible
[2026-05-09T18:19:40.407Z] Add button: First Prize Pies is clickable
[2026-05-09T18:19:40.459Z] Add to cart: First Prize Pies
[2026-05-09T18:19:40.462Z] Clicking element: Add button: First Prize Pies
[2026-05-09T18:19:40.463Z] Waiting for Add button: First Prize Pies to be clickable
[2026-05-09T18:19:40.463Z] Waiting for Add button: First Prize Pies to be visible
[2026-05-09T18:19:40.471Z] Add button: First Prize Pies is visible
[2026-05-09T18:19:40.479Z] Add button: First Prize Pies is clickable
[2026-05-09T18:19:40.511Z] Navigating to https://demo.nopcommerce.com/cart
[2026-05-09T18:19:51.201Z] ================================================================================
[2026-05-09T18:19:51.204Z] ===== END CART TEST =====
[2026-05-09T18:19:51.207Z] ================================================================================
