[2026-05-10T03:48:08.242Z] ================================================================================
[2026-05-10T03:48:08.243Z] ===== START CART TEST =====
[2026-05-10T03:48:08.243Z] ================================================================================
[2026-05-10T03:48:08.839Z] Navigate to: https://demo.nopcommerce.com/
[2026-05-10T03:48:08.839Z] Navigating to https://demo.nopcommerce.com/
[2026-05-10T03:48:09.344Z] Waiting for Search Input to be visible
[2026-05-10T03:48:15.456Z] Search Input is visible
[2026-05-10T03:48:15.458Z] ================================================================================
[2026-05-10T03:48:15.458Z] RUN TEST: SC-037
[2026-05-10T03:48:15.459Z] ================================================================================
[2026-05-10T03:48:15.461Z] Navigate: Books 
[2026-05-10T03:48:15.462Z] Waiting for Top menu: Books to be visible
[2026-05-10T03:48:15.479Z] Top menu: Books is visible
[2026-05-10T03:48:15.480Z] Clicking element: Top menu: Books
[2026-05-10T03:48:15.480Z] Waiting for Top menu: Books to be clickable
[2026-05-10T03:48:15.481Z] Waiting for Top menu: Books to be visible
[2026-05-10T03:48:15.491Z] Top menu: Books is visible
[2026-05-10T03:48:15.511Z] Top menu: Books is clickable
[2026-05-10T03:48:16.746Z] Add to cart: First Prize Pies
[2026-05-10T03:48:16.747Z] Clicking element: Add button: First Prize Pies
[2026-05-10T03:48:16.748Z] Waiting for Add button: First Prize Pies to be clickable
[2026-05-10T03:48:16.748Z] Waiting for Add button: First Prize Pies to be visible
[2026-05-10T03:48:16.825Z] Add button: First Prize Pies is visible
[2026-05-10T03:48:16.834Z] Add button: First Prize Pies is clickable
[2026-05-10T03:48:16.878Z] Open mini cart
[2026-05-10T03:48:16.895Z] Waiting for Mini Cart Label to be visible
[2026-05-10T03:48:16.902Z] Mini Cart Label is visible
[2026-05-10T03:48:16.937Z] Waiting for Mini Cart Dropdown to be visible
[2026-05-10T03:48:16.943Z] Mini Cart Dropdown is visible
[2026-05-10T03:48:16.945Z] Waiting for Mini Cart Count to be visible
[2026-05-10T03:48:16.953Z] Mini Cart Count is visible
[2026-05-10T03:48:16.965Z] Waiting for Mini Cart Count to be visible
[2026-05-10T03:48:16.973Z] Mini Cart Count is visible
[2026-05-10T03:48:17.366Z] Open mini cart
[2026-05-10T03:48:17.373Z] Waiting for Mini Cart Label to be visible
[2026-05-10T03:48:17.380Z] Mini Cart Label is visible
[2026-05-10T03:48:38.654Z] ================================================================================
[2026-05-10T03:48:38.656Z] ===== END CART TEST =====
[2026-05-10T03:48:38.657Z] ================================================================================
