[2026-05-09T18:31:06.517Z] ================================================================================
[2026-05-09T18:31:06.518Z] ===== START CART TEST =====
[2026-05-09T18:31:06.518Z] ================================================================================
[2026-05-09T18:31:07.268Z] Navigate to: https://demo.nopcommerce.com/
[2026-05-09T18:31:07.270Z] Navigating to https://demo.nopcommerce.com/
[2026-05-09T18:31:07.794Z] Waiting for Search Input to be visible
[2026-05-09T18:31:13.775Z] Search Input is visible
[2026-05-09T18:31:13.777Z] ================================================================================
[2026-05-09T18:31:13.778Z] RUN TEST: SC-004
[2026-05-09T18:31:13.778Z] ================================================================================
[2026-05-09T18:31:13.781Z] Navigate: Books 
[2026-05-09T18:31:13.782Z] Waiting for Top menu: Books to be visible
[2026-05-09T18:31:13.793Z] Top menu: Books is visible
[2026-05-09T18:31:13.795Z] Clicking element: Top menu: Books
[2026-05-09T18:31:13.797Z] Waiting for Top menu: Books to be clickable
[2026-05-09T18:31:13.797Z] Waiting for Top menu: Books to be visible
[2026-05-09T18:31:13.811Z] Top menu: Books is visible
[2026-05-09T18:31:13.834Z] Top menu: Books is clickable
[2026-05-09T18:31:14.692Z] Add to cart: First Prize Pies
[2026-05-09T18:31:14.693Z] Clicking element: Add button: First Prize Pies
[2026-05-09T18:31:14.694Z] Waiting for Add button: First Prize Pies to be clickable
[2026-05-09T18:31:14.694Z] Waiting for Add button: First Prize Pies to be visible
[2026-05-09T18:31:14.715Z] Add button: First Prize Pies is visible
[2026-05-09T18:31:14.726Z] Add button: First Prize Pies is clickable
[2026-05-09T18:31:14.762Z] Add to cart: First Prize Pies
[2026-05-09T18:31:14.763Z] Clicking element: Add button: First Prize Pies
[2026-05-09T18:31:14.763Z] Waiting for Add button: First Prize Pies to be clickable
[2026-05-09T18:31:14.764Z] Waiting for Add button: First Prize Pies to be visible
[2026-05-09T18:31:14.777Z] Add button: First Prize Pies is visible
[2026-05-09T18:31:14.793Z] Add button: First Prize Pies is clickable
[2026-05-09T18:31:14.845Z] Navigating to https://demo.nopcommerce.com/cart
[2026-05-09T18:31:19.173Z] ================================================================================
[2026-05-09T18:31:19.178Z] ===== END CART TEST =====
[2026-05-09T18:31:19.185Z] ================================================================================
