[2026-05-10T02:29:29.221Z] ================================================================================
[2026-05-10T02:29:29.233Z] ===== START CART TEST =====
[2026-05-10T02:29:29.233Z] ================================================================================
[2026-05-10T02:29:29.836Z] Navigate to: https://demo.nopcommerce.com/
[2026-05-10T02:29:29.841Z] Navigating to https://demo.nopcommerce.com/
[2026-05-10T02:29:30.347Z] Waiting for Search Input to be visible
[2026-05-10T02:29:36.432Z] Search Input is visible
[2026-05-10T02:29:36.434Z] ================================================================================
[2026-05-10T02:29:36.435Z] RUN TEST: SC-007
[2026-05-10T02:29:36.436Z] ================================================================================
[2026-05-10T02:29:36.438Z] Navigate: Computers > Notebooks
[2026-05-10T02:29:36.439Z] Waiting for Top menu: Computers to be visible
[2026-05-10T02:29:36.449Z] Top menu: Computers is visible
[2026-05-10T02:29:36.703Z] Waiting for Sub menu: Notebooks to be visible
[2026-05-10T02:29:36.715Z] Sub menu: Notebooks is visible
[2026-05-10T02:29:36.716Z] Clicking element: Sub menu: Notebooks
[2026-05-10T02:29:36.718Z] Waiting for Sub menu: Notebooks to be clickable
[2026-05-10T02:29:36.720Z] Waiting for Sub menu: Notebooks to be visible
[2026-05-10T02:29:36.729Z] Sub menu: Notebooks is visible
[2026-05-10T02:29:36.739Z] Sub menu: Notebooks is clickable
[2026-05-10T02:29:37.910Z] Open product: Asus Laptop
[2026-05-10T02:29:37.913Z] Clicking element: Product title
[2026-05-10T02:29:37.915Z] Waiting for Product title to be clickable
[2026-05-10T02:29:37.916Z] Waiting for Product title to be visible
[2026-05-10T02:29:38.008Z] Product title is visible
[2026-05-10T02:29:38.021Z] Product title is clickable
[2026-05-10T02:29:38.671Z] Inputting "5000" into element: Quantity input
[2026-05-10T02:29:38.673Z] Waiting for Quantity input to be visible
[2026-05-10T02:29:38.721Z] Quantity input is visible
[2026-05-10T02:29:38.779Z] Add to cart from product detail
[2026-05-10T02:29:38.781Z] Clicking element: Add to cart button
[2026-05-10T02:29:38.783Z] Waiting for Add to cart button to be clickable
[2026-05-10T02:29:38.784Z] Waiting for Add to cart button to be visible
[2026-05-10T02:29:38.792Z] Add to cart button is visible
[2026-05-10T02:29:38.803Z] Add to cart button is clickable
[2026-05-10T02:29:39.500Z] Navigate to: https://demo.nopcommerce.com/
[2026-05-10T02:29:39.505Z] Navigating to https://demo.nopcommerce.com/
[2026-05-10T02:29:40.005Z] Waiting for Search Input to be visible
[2026-05-10T02:29:44.971Z] Search Input is visible
[2026-05-10T02:29:44.973Z] ================================================================================
[2026-05-10T02:29:44.974Z] RUN TEST: SC-008
[2026-05-10T02:29:44.975Z] ================================================================================
[2026-05-10T02:29:44.976Z] Navigate: Computers > Notebooks
[2026-05-10T02:29:44.977Z] Waiting for Top menu: Computers to be visible
[2026-05-10T02:29:44.987Z] Top menu: Computers is visible
[2026-05-10T02:29:45.191Z] Waiting for Sub menu: Notebooks to be visible
[2026-05-10T02:29:45.206Z] Sub menu: Notebooks is visible
[2026-05-10T02:29:45.207Z] Clicking element: Sub menu: Notebooks
[2026-05-10T02:29:45.207Z] Waiting for Sub menu: Notebooks to be clickable
[2026-05-10T02:29:45.208Z] Waiting for Sub menu: Notebooks to be visible
[2026-05-10T02:29:45.217Z] Sub menu: Notebooks is visible
[2026-05-10T02:29:45.229Z] Sub menu: Notebooks is clickable
[2026-05-10T02:29:46.309Z] Open product: Asus Laptop
[2026-05-10T02:29:46.310Z] Clicking element: Product title
[2026-05-10T02:29:46.310Z] Waiting for Product title to be clickable
[2026-05-10T02:29:46.311Z] Waiting for Product title to be visible
[2026-05-10T02:29:46.409Z] Product title is visible
[2026-05-10T02:29:46.420Z] Product title is clickable
[2026-05-10T02:29:47.125Z] Inputting "9999" into element: Quantity input
[2026-05-10T02:29:47.126Z] Waiting for Quantity input to be visible
[2026-05-10T02:29:47.179Z] Quantity input is visible
[2026-05-10T02:29:47.256Z] Add to cart from product detail
[2026-05-10T02:29:47.257Z] Clicking element: Add to cart button
[2026-05-10T02:29:47.259Z] Waiting for Add to cart button to be clickable
[2026-05-10T02:29:47.261Z] Waiting for Add to cart button to be visible
[2026-05-10T02:29:47.271Z] Add to cart button is visible
[2026-05-10T02:29:47.278Z] Add to cart button is clickable
[2026-05-10T02:29:47.953Z] Navigate to: https://demo.nopcommerce.com/
[2026-05-10T02:29:47.957Z] Navigating to https://demo.nopcommerce.com/
[2026-05-10T02:29:48.434Z] Waiting for Search Input to be visible
[2026-05-10T02:29:53.701Z] Search Input is visible
[2026-05-10T02:29:53.704Z] ================================================================================
[2026-05-10T02:29:53.705Z] RUN TEST: SC-009
[2026-05-10T02:29:53.706Z] ================================================================================
[2026-05-10T02:29:53.707Z] Navigate: Computers > Notebooks
[2026-05-10T02:29:53.708Z] Waiting for Top menu: Computers to be visible
[2026-05-10T02:29:53.715Z] Top menu: Computers is visible
[2026-05-10T02:29:54.018Z] Waiting for Sub menu: Notebooks to be visible
[2026-05-10T02:29:54.035Z] Sub menu: Notebooks is visible
[2026-05-10T02:29:54.036Z] Clicking element: Sub menu: Notebooks
[2026-05-10T02:29:54.039Z] Waiting for Sub menu: Notebooks to be clickable
[2026-05-10T02:29:54.042Z] Waiting for Sub menu: Notebooks to be visible
[2026-05-10T02:29:54.056Z] Sub menu: Notebooks is visible
[2026-05-10T02:29:54.083Z] Sub menu: Notebooks is clickable
[2026-05-10T02:29:55.215Z] Open product: Asus Laptop
[2026-05-10T02:29:55.219Z] Clicking element: Product title
[2026-05-10T02:29:55.221Z] Waiting for Product title to be clickable
[2026-05-10T02:29:55.223Z] Waiting for Product title to be visible
[2026-05-10T02:29:55.337Z] Product title is visible
[2026-05-10T02:29:55.343Z] Product title is clickable
[2026-05-10T02:29:56.074Z] Inputting "10000" into element: Quantity input
[2026-05-10T02:29:56.075Z] Waiting for Quantity input to be visible
[2026-05-10T02:29:56.131Z] Quantity input is visible
[2026-05-10T02:29:56.195Z] Add to cart from product detail
[2026-05-10T02:29:56.197Z] Clicking element: Add to cart button
[2026-05-10T02:29:56.198Z] Waiting for Add to cart button to be clickable
[2026-05-10T02:29:56.199Z] Waiting for Add to cart button to be visible
[2026-05-10T02:29:56.208Z] Add to cart button is visible
[2026-05-10T02:29:56.214Z] Add to cart button is clickable
[2026-05-10T02:29:56.860Z] Navigate to: https://demo.nopcommerce.com/
[2026-05-10T02:29:56.862Z] Navigating to https://demo.nopcommerce.com/
[2026-05-10T02:29:57.373Z] Waiting for Search Input to be visible
[2026-05-10T02:30:02.334Z] Search Input is visible
[2026-05-10T02:30:02.336Z] ================================================================================
[2026-05-10T02:30:02.337Z] RUN TEST: SC-010
[2026-05-10T02:30:02.338Z] ================================================================================
[2026-05-10T02:30:02.339Z] Navigate: Computers > Notebooks
[2026-05-10T02:30:02.339Z] Waiting for Top menu: Computers to be visible
[2026-05-10T02:30:02.352Z] Top menu: Computers is visible
[2026-05-10T02:30:02.571Z] Waiting for Sub menu: Notebooks to be visible
[2026-05-10T02:30:02.594Z] Sub menu: Notebooks is visible
[2026-05-10T02:30:02.596Z] Clicking element: Sub menu: Notebooks
[2026-05-10T02:30:02.597Z] Waiting for Sub menu: Notebooks to be clickable
[2026-05-10T02:30:02.598Z] Waiting for Sub menu: Notebooks to be visible
[2026-05-10T02:30:02.612Z] Sub menu: Notebooks is visible
[2026-05-10T02:30:02.640Z] Sub menu: Notebooks is clickable
[2026-05-10T02:30:04.282Z] Open product: Asus Laptop
[2026-05-10T02:30:04.284Z] Clicking element: Product title
[2026-05-10T02:30:04.286Z] Waiting for Product title to be clickable
[2026-05-10T02:30:04.289Z] Waiting for Product title to be visible
[2026-05-10T02:30:04.324Z] Product title is visible
[2026-05-10T02:30:04.373Z] Product title is clickable
[2026-05-10T02:30:05.160Z] Inputting "10001" into element: Quantity input
[2026-05-10T02:30:05.163Z] Waiting for Quantity input to be visible
[2026-05-10T02:30:05.212Z] Quantity input is visible
[2026-05-10T02:30:05.302Z] Add to cart from product detail
[2026-05-10T02:30:05.303Z] Clicking element: Add to cart button
[2026-05-10T02:30:05.305Z] Waiting for Add to cart button to be clickable
[2026-05-10T02:30:05.306Z] Waiting for Add to cart button to be visible
[2026-05-10T02:30:05.315Z] Add to cart button is visible
[2026-05-10T02:30:05.320Z] Add to cart button is clickable
[2026-05-10T02:30:05.577Z] Verify error notification
[2026-05-10T02:30:05.582Z] Waiting for error notification to be visible
[2026-05-10T02:30:05.612Z] error notification is visible
[2026-05-10T02:30:06.151Z] Navigate to: https://demo.nopcommerce.com/
[2026-05-10T02:30:06.152Z] Navigating to https://demo.nopcommerce.com/
[2026-05-10T02:30:06.645Z] Waiting for Search Input to be visible
[2026-05-10T02:30:11.791Z] Search Input is visible
[2026-05-10T02:30:11.792Z] ================================================================================
[2026-05-10T02:30:11.793Z] RUN TEST: SC-011
[2026-05-10T02:30:11.794Z] ================================================================================
[2026-05-10T02:30:11.796Z] Navigate: Computers > Notebooks
[2026-05-10T02:30:11.797Z] Waiting for Top menu: Computers to be visible
[2026-05-10T02:30:11.810Z] Top menu: Computers is visible
[2026-05-10T02:30:12.041Z] Waiting for Sub menu: Notebooks to be visible
[2026-05-10T02:30:12.056Z] Sub menu: Notebooks is visible
[2026-05-10T02:30:12.058Z] Clicking element: Sub menu: Notebooks
[2026-05-10T02:30:12.060Z] Waiting for Sub menu: Notebooks to be clickable
[2026-05-10T02:30:12.061Z] Waiting for Sub menu: Notebooks to be visible
[2026-05-10T02:30:12.070Z] Sub menu: Notebooks is visible
[2026-05-10T02:30:12.079Z] Sub menu: Notebooks is clickable
[2026-05-10T02:30:13.239Z] Open product: Asus Laptop
[2026-05-10T02:30:13.240Z] Clicking element: Product title
[2026-05-10T02:30:13.240Z] Waiting for Product title to be clickable
[2026-05-10T02:30:13.241Z] Waiting for Product title to be visible
[2026-05-10T02:30:13.262Z] Product title is visible
[2026-05-10T02:30:13.307Z] Product title is clickable
[2026-05-10T02:30:14.107Z] Inputting "0" into element: Quantity input
[2026-05-10T02:30:14.109Z] Waiting for Quantity input to be visible
[2026-05-10T02:30:14.178Z] Quantity input is visible
[2026-05-10T02:30:14.227Z] Add to cart from product detail
[2026-05-10T02:30:14.228Z] Clicking element: Add to cart button
[2026-05-10T02:30:14.230Z] Waiting for Add to cart button to be clickable
[2026-05-10T02:30:14.232Z] Waiting for Add to cart button to be visible
[2026-05-10T02:30:14.238Z] Add to cart button is visible
[2026-05-10T02:30:14.243Z] Add to cart button is clickable
[2026-05-10T02:30:14.490Z] Verify error notification
[2026-05-10T02:30:14.492Z] Waiting for error notification to be visible
[2026-05-10T02:30:14.517Z] error notification is visible
[2026-05-10T02:30:14.949Z] Navigate to: https://demo.nopcommerce.com/
[2026-05-10T02:30:14.950Z] Navigating to https://demo.nopcommerce.com/
[2026-05-10T02:30:15.420Z] Waiting for Search Input to be visible
[2026-05-10T02:30:20.523Z] Search Input is visible
[2026-05-10T02:30:20.525Z] ================================================================================
[2026-05-10T02:30:20.525Z] RUN TEST: SC-012
[2026-05-10T02:30:20.526Z] ================================================================================
[2026-05-10T02:30:20.527Z] Navigate: Computers > Notebooks
[2026-05-10T02:30:20.527Z] Waiting for Top menu: Computers to be visible
[2026-05-10T02:30:20.533Z] Top menu: Computers is visible
[2026-05-10T02:30:20.775Z] Waiting for Sub menu: Notebooks to be visible
[2026-05-10T02:30:20.794Z] Sub menu: Notebooks is visible
[2026-05-10T02:30:20.796Z] Clicking element: Sub menu: Notebooks
[2026-05-10T02:30:20.797Z] Waiting for Sub menu: Notebooks to be clickable
[2026-05-10T02:30:20.797Z] Waiting for Sub menu: Notebooks to be visible
[2026-05-10T02:30:20.805Z] Sub menu: Notebooks is visible
[2026-05-10T02:30:20.823Z] Sub menu: Notebooks is clickable
[2026-05-10T02:30:21.906Z] Open product: Asus Laptop
[2026-05-10T02:30:21.909Z] Clicking element: Product title
[2026-05-10T02:30:21.912Z] Waiting for Product title to be clickable
[2026-05-10T02:30:21.915Z] Waiting for Product title to be visible
[2026-05-10T02:30:22.062Z] Product title is visible
[2026-05-10T02:30:22.072Z] Product title is clickable
[2026-05-10T02:30:22.760Z] Inputting "-5" into element: Quantity input
[2026-05-10T02:30:22.762Z] Waiting for Quantity input to be visible
[2026-05-10T02:30:22.812Z] Quantity input is visible
[2026-05-10T02:30:22.889Z] Add to cart from product detail
[2026-05-10T02:30:22.890Z] Clicking element: Add to cart button
[2026-05-10T02:30:22.891Z] Waiting for Add to cart button to be clickable
[2026-05-10T02:30:22.892Z] Waiting for Add to cart button to be visible
[2026-05-10T02:30:22.899Z] Add to cart button is visible
[2026-05-10T02:30:22.906Z] Add to cart button is clickable
[2026-05-10T02:30:23.149Z] Verify error notification
[2026-05-10T02:30:23.150Z] Waiting for error notification to be visible
[2026-05-10T02:30:23.159Z] error notification is visible
[2026-05-10T02:30:23.562Z] Navigate to: https://demo.nopcommerce.com/
[2026-05-10T02:30:23.565Z] Navigating to https://demo.nopcommerce.com/
[2026-05-10T02:30:24.064Z] Waiting for Search Input to be visible
[2026-05-10T02:30:29.025Z] Search Input is visible
[2026-05-10T02:30:29.026Z] ================================================================================
[2026-05-10T02:30:29.028Z] RUN TEST: SC-013
[2026-05-10T02:30:29.030Z] ================================================================================
[2026-05-10T02:30:29.031Z] Navigate: Computers > Notebooks
[2026-05-10T02:30:29.032Z] Waiting for Top menu: Computers to be visible
[2026-05-10T02:30:29.041Z] Top menu: Computers is visible
[2026-05-10T02:30:29.123Z] Waiting for Sub menu: Notebooks to be visible
[2026-05-10T02:30:29.140Z] Sub menu: Notebooks is visible
[2026-05-10T02:30:29.142Z] Clicking element: Sub menu: Notebooks
[2026-05-10T02:30:29.142Z] Waiting for Sub menu: Notebooks to be clickable
[2026-05-10T02:30:29.143Z] Waiting for Sub menu: Notebooks to be visible
[2026-05-10T02:30:29.157Z] Sub menu: Notebooks is visible
[2026-05-10T02:30:29.170Z] Sub menu: Notebooks is clickable
[2026-05-10T02:30:30.224Z] Open product: Asus Laptop
[2026-05-10T02:30:30.226Z] Clicking element: Product title
[2026-05-10T02:30:30.230Z] Waiting for Product title to be clickable
[2026-05-10T02:30:30.233Z] Waiting for Product title to be visible
[2026-05-10T02:30:30.370Z] Product title is visible
[2026-05-10T02:30:30.378Z] Product title is clickable
[2026-05-10T02:30:31.078Z] Inputting "10.5" into element: Quantity input
[2026-05-10T02:30:31.079Z] Waiting for Quantity input to be visible
[2026-05-10T02:30:31.156Z] Quantity input is visible
[2026-05-10T02:30:31.212Z] Add to cart from product detail
[2026-05-10T02:30:31.213Z] Clicking element: Add to cart button
[2026-05-10T02:30:31.214Z] Waiting for Add to cart button to be clickable
[2026-05-10T02:30:31.216Z] Waiting for Add to cart button to be visible
[2026-05-10T02:30:31.227Z] Add to cart button is visible
[2026-05-10T02:30:31.232Z] Add to cart button is clickable
[2026-05-10T02:30:31.480Z] Verify error notification
[2026-05-10T02:30:31.481Z] Waiting for error notification to be visible
[2026-05-10T02:30:31.485Z] error notification is visible
[2026-05-10T02:30:31.975Z] Navigate to: https://demo.nopcommerce.com/
[2026-05-10T02:30:31.976Z] Navigating to https://demo.nopcommerce.com/
[2026-05-10T02:30:32.446Z] Waiting for Search Input to be visible
[2026-05-10T02:30:37.624Z] Search Input is visible
[2026-05-10T02:30:37.625Z] ================================================================================
[2026-05-10T02:30:37.626Z] RUN TEST: SC-014
[2026-05-10T02:30:37.627Z] ================================================================================
[2026-05-10T02:30:37.627Z] Navigate: Computers > Notebooks
[2026-05-10T02:30:37.628Z] Waiting for Top menu: Computers to be visible
[2026-05-10T02:30:37.634Z] Top menu: Computers is visible
[2026-05-10T02:30:37.908Z] Waiting for Sub menu: Notebooks to be visible
[2026-05-10T02:30:37.923Z] Sub menu: Notebooks is visible
[2026-05-10T02:30:37.925Z] Clicking element: Sub menu: Notebooks
[2026-05-10T02:30:37.926Z] Waiting for Sub menu: Notebooks to be clickable
[2026-05-10T02:30:37.926Z] Waiting for Sub menu: Notebooks to be visible
[2026-05-10T02:30:37.934Z] Sub menu: Notebooks is visible
[2026-05-10T02:30:37.943Z] Sub menu: Notebooks is clickable
[2026-05-10T02:30:39.093Z] Open product: Asus Laptop
[2026-05-10T02:30:39.094Z] Clicking element: Product title
[2026-05-10T02:30:39.094Z] Waiting for Product title to be clickable
[2026-05-10T02:30:39.095Z] Waiting for Product title to be visible
[2026-05-10T02:30:39.195Z] Product title is visible
[2026-05-10T02:30:39.206Z] Product title is clickable
[2026-05-10T02:30:39.942Z] Inputting "abc" into element: Quantity input
[2026-05-10T02:30:39.944Z] Waiting for Quantity input to be visible
[2026-05-10T02:30:39.983Z] Quantity input is visible
[2026-05-10T02:30:40.044Z] Add to cart from product detail
[2026-05-10T02:30:40.045Z] Clicking element: Add to cart button
[2026-05-10T02:30:40.046Z] Waiting for Add to cart button to be clickable
[2026-05-10T02:30:40.048Z] Waiting for Add to cart button to be visible
[2026-05-10T02:30:40.058Z] Add to cart button is visible
[2026-05-10T02:30:40.067Z] Add to cart button is clickable
[2026-05-10T02:30:40.353Z] Verify error notification
[2026-05-10T02:30:40.354Z] Waiting for error notification to be visible
[2026-05-10T02:30:40.462Z] error notification is visible
[2026-05-10T02:30:40.858Z] Navigate to: https://demo.nopcommerce.com/
[2026-05-10T02:30:40.860Z] Navigating to https://demo.nopcommerce.com/
[2026-05-10T02:30:41.334Z] Waiting for Search Input to be visible
[2026-05-10T02:30:46.395Z] Search Input is visible
[2026-05-10T02:30:46.396Z] ================================================================================
[2026-05-10T02:30:46.397Z] RUN TEST: SC-015
[2026-05-10T02:30:46.397Z] ================================================================================
[2026-05-10T02:30:46.398Z] Navigate: Computers > Notebooks
[2026-05-10T02:30:46.399Z] Waiting for Top menu: Computers to be visible
[2026-05-10T02:30:46.410Z] Top menu: Computers is visible
[2026-05-10T02:30:46.563Z] Waiting for Sub menu: Notebooks to be visible
[2026-05-10T02:30:46.574Z] Sub menu: Notebooks is visible
[2026-05-10T02:30:46.574Z] Clicking element: Sub menu: Notebooks
[2026-05-10T02:30:46.576Z] Waiting for Sub menu: Notebooks to be clickable
[2026-05-10T02:30:46.578Z] Waiting for Sub menu: Notebooks to be visible
[2026-05-10T02:30:46.587Z] Sub menu: Notebooks is visible
[2026-05-10T02:30:46.601Z] Sub menu: Notebooks is clickable
[2026-05-10T02:30:47.528Z] Open product: Asus Laptop
[2026-05-10T02:30:47.529Z] Clicking element: Product title
[2026-05-10T02:30:47.529Z] Waiting for Product title to be clickable
[2026-05-10T02:30:47.530Z] Waiting for Product title to be visible
[2026-05-10T02:30:47.685Z] Product title is visible
[2026-05-10T02:30:47.696Z] Product title is clickable
[2026-05-10T02:30:48.423Z] Inputting "" into element: Quantity input
[2026-05-10T02:30:48.424Z] Waiting for Quantity input to be visible
[2026-05-10T02:30:48.474Z] Quantity input is visible
[2026-05-10T02:30:48.546Z] Add to cart from product detail
[2026-05-10T02:30:48.548Z] Clicking element: Add to cart button
[2026-05-10T02:30:48.549Z] Waiting for Add to cart button to be clickable
[2026-05-10T02:30:48.550Z] Waiting for Add to cart button to be visible
[2026-05-10T02:30:48.560Z] Add to cart button is visible
[2026-05-10T02:30:48.566Z] Add to cart button is clickable
[2026-05-10T02:30:48.820Z] Verify error notification
[2026-05-10T02:30:48.821Z] Waiting for error notification to be visible
[2026-05-10T02:30:48.830Z] error notification is visible
[2026-05-10T02:30:49.259Z] Navigate to: https://demo.nopcommerce.com/
[2026-05-10T02:30:49.264Z] Navigating to https://demo.nopcommerce.com/
[2026-05-10T02:30:49.756Z] Waiting for Search Input to be visible
[2026-05-10T02:30:54.801Z] Search Input is visible
[2026-05-10T02:30:54.803Z] ================================================================================
[2026-05-10T02:30:54.805Z] RUN TEST: SC-016
[2026-05-10T02:30:54.806Z] ================================================================================
[2026-05-10T02:30:54.807Z] Navigate: Computers > Notebooks
[2026-05-10T02:30:54.808Z] Waiting for Top menu: Computers to be visible
[2026-05-10T02:30:54.821Z] Top menu: Computers is visible
[2026-05-10T02:30:55.187Z] Waiting for Sub menu: Notebooks to be visible
[2026-05-10T02:30:55.201Z] Sub menu: Notebooks is visible
[2026-05-10T02:30:55.206Z] Clicking element: Sub menu: Notebooks
[2026-05-10T02:30:55.208Z] Waiting for Sub menu: Notebooks to be clickable
[2026-05-10T02:30:55.210Z] Waiting for Sub menu: Notebooks to be visible
[2026-05-10T02:30:55.226Z] Sub menu: Notebooks is visible
[2026-05-10T02:30:55.239Z] Sub menu: Notebooks is clickable
[2026-05-10T02:30:56.547Z] Open product: Asus Laptop
[2026-05-10T02:30:56.549Z] Clicking element: Product title
[2026-05-10T02:30:56.550Z] Waiting for Product title to be clickable
[2026-05-10T02:30:56.550Z] Waiting for Product title to be visible
[2026-05-10T02:30:56.566Z] Product title is visible
[2026-05-10T02:30:56.574Z] Product title is clickable
[2026-05-10T02:30:57.505Z] Add to cart from product detail
[2026-05-10T02:30:57.507Z] Clicking element: Add to cart button
[2026-05-10T02:30:57.508Z] Waiting for Add to cart button to be clickable
[2026-05-10T02:30:57.508Z] Waiting for Add to cart button to be visible
[2026-05-10T02:30:57.526Z] Add to cart button is visible
[2026-05-10T02:30:57.531Z] Add to cart button is clickable
[2026-05-10T02:30:57.773Z] Inputting "6000" into element: Quantity input
[2026-05-10T02:30:57.775Z] Waiting for Quantity input to be visible
[2026-05-10T02:30:57.796Z] Quantity input is visible
[2026-05-10T02:30:57.829Z] Add to cart from product detail
[2026-05-10T02:30:57.830Z] Clicking element: Add to cart button
[2026-05-10T02:30:57.831Z] Waiting for Add to cart button to be clickable
[2026-05-10T02:30:57.832Z] Waiting for Add to cart button to be visible
[2026-05-10T02:30:57.843Z] Add to cart button is visible
[2026-05-10T02:30:57.854Z] Add to cart button is clickable
[2026-05-10T02:30:58.082Z] Verify success notification
[2026-05-10T02:30:58.084Z] Waiting for success notification to be visible
[2026-05-10T02:31:13.223Z] ================================================================================
[2026-05-10T02:31:13.228Z] ===== END CART TEST =====
[2026-05-10T02:31:13.232Z] ================================================================================
