[2026-05-09T18:05:32.069Z] ================================================================================
[2026-05-09T18:05:32.071Z] ===== START CART TEST =====
[2026-05-09T18:05:32.072Z] ================================================================================
[2026-05-09T18:05:32.783Z] Navigate to: https://demo.nopcommerce.com/
[2026-05-09T18:05:32.785Z] Navigating to https://demo.nopcommerce.com/
[2026-05-09T18:05:33.265Z] Waiting for Search Input to be visible
[2026-05-09T18:05:39.178Z] Search Input is visible
[2026-05-09T18:05:39.182Z] ================================================================================
[2026-05-09T18:05:39.183Z] RUN TEST: SC-004
[2026-05-09T18:05:39.183Z] ================================================================================
[2026-05-09T18:05:39.185Z] Navigate: Books 
[2026-05-09T18:05:39.186Z] Waiting for Top menu: Books to be visible
[2026-05-09T18:05:39.312Z] Top menu: Books is visible
[2026-05-09T18:05:39.317Z] Clicking element: Top menu: Books
[2026-05-09T18:05:39.321Z] Waiting for Top menu: Books to be clickable
[2026-05-09T18:05:39.326Z] Waiting for Top menu: Books to be visible
[2026-05-09T18:05:39.377Z] Top menu: Books is visible
[2026-05-09T18:05:39.401Z] Top menu: Books is clickable
[2026-05-09T18:05:40.274Z] Add to cart: First Prize Pies
[2026-05-09T18:05:40.275Z] Clicking element: Add button: First Prize Pies
[2026-05-09T18:05:40.277Z] Waiting for Add button: First Prize Pies to be clickable
[2026-05-09T18:05:40.280Z] Waiting for Add button: First Prize Pies to be visible
[2026-05-09T18:05:40.337Z] Add button: First Prize Pies is visible
[2026-05-09T18:05:40.359Z] Add button: First Prize Pies is clickable
[2026-05-09T18:05:40.419Z] Add to cart: First Prize Pies
[2026-05-09T18:05:40.421Z] Clicking element: Add button: First Prize Pies
[2026-05-09T18:05:40.421Z] Waiting for Add button: First Prize Pies to be clickable
[2026-05-09T18:05:40.422Z] Waiting for Add button: First Prize Pies to be visible
[2026-05-09T18:05:40.435Z] Add button: First Prize Pies is visible
[2026-05-09T18:05:40.443Z] Add button: First Prize Pies is clickable
[2026-05-09T18:05:40.513Z] Navigating to https://demo.nopcommerce.com/cart
[2026-05-09T18:05:51.326Z] ================================================================================
[2026-05-09T18:05:51.333Z] ===== END CART TEST =====
[2026-05-09T18:05:51.335Z] ================================================================================
