[2026-05-13T07:50:08.382Z] ================================================================================
[2026-05-13T07:50:08.384Z] ===== START CART TEST =====
[2026-05-13T07:50:08.385Z] ================================================================================
[2026-05-13T07:50:08.894Z] Navigate to: https://demo.nopcommerce.com/
[2026-05-13T07:50:08.897Z] Navigating to https://demo.nopcommerce.com/
[2026-05-13T07:50:10.191Z] Waiting for Search Input to be visible
[2026-05-13T07:50:10.311Z] Search Input is visible
[2026-05-13T07:50:10.313Z] ================================================================================
[2026-05-13T07:50:10.313Z] RUN TEST: SC-018
[2026-05-13T07:50:10.314Z] ================================================================================
[2026-05-13T07:50:10.317Z] Navigate: Computers > Notebooks
[2026-05-13T07:50:10.318Z] Waiting for Top menu: Computers to be visible
[2026-05-13T07:50:10.390Z] Top menu: Computers is visible
[2026-05-13T07:50:10.440Z] Waiting for Sub menu: Notebooks to be visible
[2026-05-13T07:50:10.457Z] Sub menu: Notebooks is visible
[2026-05-13T07:50:10.458Z] Clicking element: Sub menu: Notebooks
[2026-05-13T07:50:10.458Z] Waiting for Sub menu: Notebooks to be clickable
[2026-05-13T07:50:10.459Z] Waiting for Sub menu: Notebooks to be visible
[2026-05-13T07:50:10.478Z] Sub menu: Notebooks is visible
[2026-05-13T07:50:10.492Z] Sub menu: Notebooks is clickable
[2026-05-13T07:50:11.714Z] Open product: Asus Laptop
[2026-05-13T07:50:11.715Z] Clicking element: Product title
[2026-05-13T07:50:11.715Z] Waiting for Product title to be clickable
[2026-05-13T07:50:11.716Z] Waiting for Product title to be visible
[2026-05-13T07:50:11.745Z] Product title is visible
[2026-05-13T07:50:11.767Z] Product title is clickable
[2026-05-13T07:50:12.760Z] Inputting "" into element: Quantity input
[2026-05-13T07:50:12.760Z] Waiting for Quantity input to be visible
[2026-05-13T07:50:12.797Z] Quantity input is visible
[2026-05-13T07:50:12.888Z] Add to cart from product detail
[2026-05-13T07:50:12.889Z] Clicking element: Add to cart button
[2026-05-13T07:50:12.889Z] Waiting for Add to cart button to be clickable
[2026-05-13T07:50:12.890Z] Waiting for Add to cart button to be visible
[2026-05-13T07:50:12.903Z] Add to cart button is visible
[2026-05-13T07:50:12.919Z] Add to cart button is clickable
[2026-05-13T07:50:13.181Z] Verify error notification
[2026-05-13T07:50:13.182Z] Waiting for error notification to be visible
[2026-05-13T07:50:13.322Z] error notification is visible
[2026-05-13T07:50:14.536Z] Navigate to: https://demo.nopcommerce.com/
[2026-05-13T07:50:14.537Z] Navigating to https://demo.nopcommerce.com/
[2026-05-13T07:50:16.717Z] Waiting for Search Input to be visible
[2026-05-13T07:50:16.815Z] Search Input is visible
[2026-05-13T07:50:16.817Z] ================================================================================
[2026-05-13T07:50:16.818Z] RUN TEST: SC-019
[2026-05-13T07:50:16.819Z] ================================================================================
[2026-05-13T07:50:16.820Z] Navigate: Computers > Notebooks
[2026-05-13T07:50:16.821Z] Waiting for Top menu: Computers to be visible
[2026-05-13T07:50:16.834Z] Top menu: Computers is visible
[2026-05-13T07:50:16.877Z] Waiting for Sub menu: Notebooks to be visible
[2026-05-13T07:50:16.901Z] Sub menu: Notebooks is visible
[2026-05-13T07:50:16.902Z] Clicking element: Sub menu: Notebooks
[2026-05-13T07:50:16.903Z] Waiting for Sub menu: Notebooks to be clickable
[2026-05-13T07:50:16.904Z] Waiting for Sub menu: Notebooks to be visible
[2026-05-13T07:50:16.926Z] Sub menu: Notebooks is visible
[2026-05-13T07:50:17.033Z] Sub menu: Notebooks is clickable
[2026-05-13T07:50:27.482Z] ================================================================================
[2026-05-13T07:50:27.482Z] ===== END CART TEST =====
[2026-05-13T07:50:27.483Z] ================================================================================
