[2026-05-09T18:04:53.436Z] ================================================================================
[2026-05-09T18:04:53.438Z] ===== START CART TEST =====
[2026-05-09T18:04:53.439Z] ================================================================================
[2026-05-09T18:04:54.190Z] Navigate to: https://demo.nopcommerce.com/
[2026-05-09T18:04:54.192Z] Navigating to https://demo.nopcommerce.com/
[2026-05-09T18:04:54.653Z] Waiting for Search Input to be visible
[2026-05-09T18:05:00.571Z] Search Input is visible
[2026-05-09T18:05:00.573Z] ================================================================================
[2026-05-09T18:05:00.573Z] RUN TEST: SC-003
[2026-05-09T18:05:00.574Z] ================================================================================
[2026-05-09T18:05:00.576Z] Navigate: Computers > Desktops
[2026-05-09T18:05:00.577Z] Waiting for Top menu: Computers to be visible
[2026-05-09T18:05:00.587Z] Top menu: Computers is visible
[2026-05-09T18:05:00.892Z] Waiting for Sub menu: Desktops to be visible
[2026-05-09T18:05:00.919Z] Sub menu: Desktops is visible
[2026-05-09T18:05:00.920Z] Clicking element: Sub menu: Desktops
[2026-05-09T18:05:00.920Z] Waiting for Sub menu: Desktops to be clickable
[2026-05-09T18:05:00.922Z] Waiting for Sub menu: Desktops to be visible
[2026-05-09T18:05:00.932Z] Sub menu: Desktops is visible
[2026-05-09T18:05:00.941Z] Sub menu: Desktops is clickable
[2026-05-09T18:05:02.218Z] Add to cart: Build your own computer
[2026-05-09T18:05:02.219Z] Clicking element: Add button: Build your own computer
[2026-05-09T18:05:02.220Z] Waiting for Add button: Build your own computer to be clickable
[2026-05-09T18:05:02.220Z] Waiting for Add button: Build your own computer to be visible
[2026-05-09T18:05:02.300Z] Add button: Build your own computer is visible
[2026-05-09T18:05:02.310Z] Add button: Build your own computer is clickable
[2026-05-09T18:05:03.252Z] ================================================================================
[2026-05-09T18:05:03.257Z] ===== END CART TEST =====
[2026-05-09T18:05:03.262Z] ================================================================================
