[2026-05-10T03:44:37.611Z] ================================================================================
[2026-05-10T03:44:37.624Z] ===== START CART TEST =====
[2026-05-10T03:44:37.625Z] ================================================================================
[2026-05-10T03:44:38.287Z] Navigate to: https://demo.nopcommerce.com/
[2026-05-10T03:44:38.290Z] Navigating to https://demo.nopcommerce.com/
[2026-05-10T03:44:38.768Z] Waiting for Search Input to be visible
[2026-05-10T03:44:44.818Z] Search Input is visible
[2026-05-10T03:44:44.820Z] ================================================================================
[2026-05-10T03:44:44.821Z] RUN TEST: SC-038
[2026-05-10T03:44:44.823Z] ================================================================================
[2026-05-10T03:44:44.829Z] Navigate: Books 
[2026-05-10T03:44:44.832Z] Waiting for Top menu: Books to be visible
[2026-05-10T03:44:44.855Z] Top menu: Books is visible
[2026-05-10T03:44:44.857Z] Clicking element: Top menu: Books
[2026-05-10T03:44:44.860Z] Waiting for Top menu: Books to be clickable
[2026-05-10T03:44:44.860Z] Waiting for Top menu: Books to be visible
[2026-05-10T03:44:44.869Z] Top menu: Books is visible
[2026-05-10T03:44:44.891Z] Top menu: Books is clickable
[2026-05-10T03:44:45.732Z] Add to cart: First Prize Pies
[2026-05-10T03:44:45.734Z] Clicking element: Add button: First Prize Pies
[2026-05-10T03:44:45.735Z] Waiting for Add button: First Prize Pies to be clickable
[2026-05-10T03:44:45.735Z] Waiting for Add button: First Prize Pies to be visible
[2026-05-10T03:44:45.763Z] Add button: First Prize Pies is visible
[2026-05-10T03:44:45.807Z] Add button: First Prize Pies is clickable
[2026-05-10T03:44:45.905Z] Open mini cart
[2026-05-10T03:44:45.913Z] Waiting for Mini Cart Label to be visible
[2026-05-10T03:44:45.924Z] Mini Cart Label is visible
[2026-05-10T03:44:45.960Z] Waiting for Mini Cart Dropdown to be visible
[2026-05-10T03:44:45.969Z] Mini Cart Dropdown is visible
[2026-05-10T03:44:45.971Z] Navigating to https://demo.nopcommerce.com/cart
[2026-05-10T03:44:46.669Z] Remove item from cart
[2026-05-10T03:44:46.671Z] Clicking element: Remove checkbox
[2026-05-10T03:44:46.671Z] Waiting for Remove checkbox to be clickable
[2026-05-10T03:44:46.672Z] Waiting for Remove checkbox to be visible
[2026-05-10T03:44:46.691Z] Remove checkbox is visible
[2026-05-10T03:44:46.730Z] Remove checkbox is clickable
[2026-05-10T03:44:47.372Z] Navigate to: https://demo.nopcommerce.com/
[2026-05-10T03:44:47.373Z] Navigating to https://demo.nopcommerce.com/
[2026-05-10T03:44:47.906Z] Waiting for Search Input to be visible
[2026-05-10T03:44:47.950Z] Search Input is visible
[2026-05-10T03:44:47.951Z] Open mini cart
[2026-05-10T03:44:47.956Z] Waiting for Mini Cart Label to be visible
[2026-05-10T03:44:47.963Z] Mini Cart Label is visible
[2026-05-10T03:44:48.001Z] Waiting for Mini Cart Dropdown to be visible
[2026-05-10T03:44:48.013Z] Mini Cart Dropdown is visible
[2026-05-10T03:44:48.014Z] Open mini cart
[2026-05-10T03:44:48.020Z] Waiting for Mini Cart Label to be visible
[2026-05-10T03:44:48.025Z] Mini Cart Label is visible
[2026-05-10T03:44:48.053Z] Waiting for Mini Cart Dropdown to be visible
[2026-05-10T03:44:48.060Z] Mini Cart Dropdown is visible
[2026-05-10T03:44:48.061Z] Waiting for Mini Cart Dropdown to be visible
[2026-05-10T03:44:48.067Z] Mini Cart Dropdown is visible
[2026-05-10T03:44:48.571Z] Navigate to: https://demo.nopcommerce.com/
[2026-05-10T03:44:48.573Z] Navigating to https://demo.nopcommerce.com/
[2026-05-10T03:44:49.047Z] Waiting for Search Input to be visible
[2026-05-10T03:44:54.033Z] Search Input is visible
[2026-05-10T03:44:54.035Z] ================================================================================
[2026-05-10T03:44:54.035Z] RUN TEST: SC-039
[2026-05-10T03:44:54.036Z] ================================================================================
[2026-05-10T03:44:54.037Z] Open mini cart
[2026-05-10T03:44:54.042Z] Waiting for Mini Cart Label to be visible
[2026-05-10T03:44:54.053Z] Mini Cart Label is visible
[2026-05-10T03:44:54.236Z] Waiting for Mini Cart Dropdown to be visible
[2026-05-10T03:45:04.386Z] ================================================================================
[2026-05-10T03:45:04.390Z] ===== END CART TEST =====
[2026-05-10T03:45:04.393Z] ================================================================================
