[2026-05-13T07:46:26.780Z] ================================================================================
[2026-05-13T07:46:26.782Z] ===== START CART TEST =====
[2026-05-13T07:46:26.783Z] ================================================================================
[2026-05-13T07:46:27.285Z] Navigate to: https://demo.nopcommerce.com/
[2026-05-13T07:46:27.286Z] Navigating to https://demo.nopcommerce.com/
[2026-05-13T07:46:28.687Z] Waiting for Search Input to be visible
[2026-05-13T07:46:29.000Z] Search Input is visible
[2026-05-13T07:46:29.002Z] ================================================================================
[2026-05-13T07:46:29.003Z] RUN TEST: SC-007
[2026-05-13T07:46:29.005Z] ================================================================================
[2026-05-13T07:46:29.009Z] Navigate: Computers > Desktops
[2026-05-13T07:46:29.013Z] Waiting for Top menu: Computers to be visible
[2026-05-13T07:46:29.044Z] Top menu: Computers is visible
[2026-05-13T07:46:29.102Z] Waiting for Sub menu: Desktops to be visible
[2026-05-13T07:46:29.122Z] Sub menu: Desktops is visible
[2026-05-13T07:46:29.123Z] Clicking element: Sub menu: Desktops
[2026-05-13T07:46:29.124Z] Waiting for Sub menu: Desktops to be clickable
[2026-05-13T07:46:29.125Z] Waiting for Sub menu: Desktops to be visible
[2026-05-13T07:46:29.145Z] Sub menu: Desktops is visible
[2026-05-13T07:46:29.273Z] Sub menu: Desktops is clickable
[2026-05-13T07:46:57.383Z] ================================================================================
[2026-05-13T07:46:57.384Z] ===== END CART TEST =====
[2026-05-13T07:46:57.384Z] ================================================================================
