[2026-05-09T18:43:50.466Z] ================================================================================
[2026-05-09T18:43:50.467Z] ===== START CART TEST =====
[2026-05-09T18:43:50.468Z] ================================================================================
[2026-05-09T18:43:51.356Z] Navigate to: https://demo.nopcommerce.com/
[2026-05-09T18:43:51.358Z] Navigating to https://demo.nopcommerce.com/
[2026-05-09T18:43:51.893Z] Waiting for Search Input to be visible
[2026-05-09T18:43:58.027Z] Search Input is visible
[2026-05-09T18:43:58.030Z] ================================================================================
[2026-05-09T18:43:58.032Z] RUN TEST: SC-005
[2026-05-09T18:43:58.033Z] ================================================================================
[2026-05-09T18:43:58.037Z] Navigate: Computers > Notebooks
[2026-05-09T18:43:58.039Z] Waiting for Top menu: Computers to be visible
[2026-05-09T18:43:58.109Z] Top menu: Computers is visible
[2026-05-09T18:43:58.279Z] Waiting for Sub menu: Notebooks to be visible
[2026-05-09T18:43:58.319Z] Sub menu: Notebooks is visible
[2026-05-09T18:43:58.321Z] Clicking element: Sub menu: Notebooks
[2026-05-09T18:43:58.324Z] Waiting for Sub menu: Notebooks to be clickable
[2026-05-09T18:43:58.327Z] Waiting for Sub menu: Notebooks to be visible
[2026-05-09T18:43:58.366Z] Sub menu: Notebooks is visible
[2026-05-09T18:43:59.096Z] Sub menu: Notebooks is clickable
[2026-05-09T18:43:59.950Z] Open product: Asus Laptop
[2026-05-09T18:43:59.952Z] Clicking element: Product title
[2026-05-09T18:43:59.953Z] Waiting for Product title to be clickable
[2026-05-09T18:43:59.954Z] Waiting for Product title to be visible
[2026-05-09T18:43:59.996Z] Product title is visible
[2026-05-09T18:44:00.040Z] Product title is clickable
[2026-05-09T18:44:00.945Z] Inputting "1" into element: Quantity input
[2026-05-09T18:44:00.946Z] Waiting for Quantity input to be visible
[2026-05-09T18:44:00.989Z] Quantity input is visible
[2026-05-09T18:44:01.076Z] Add to cart from product detail
[2026-05-09T18:44:01.078Z] Clicking element: Add to cart button
[2026-05-09T18:44:01.078Z] Waiting for Add to cart button to be clickable
[2026-05-09T18:44:01.079Z] Waiting for Add to cart button to be visible
[2026-05-09T18:44:01.220Z] Add to cart button is visible
[2026-05-09T18:44:01.286Z] Add to cart button is clickable
