[2026-05-13T07:52:53.781Z] ================================================================================
[2026-05-13T07:52:53.782Z] ===== START CART TEST =====
[2026-05-13T07:52:53.783Z] ================================================================================
[2026-05-13T07:52:54.348Z] Navigate to: https://demo.nopcommerce.com/
[2026-05-13T07:52:54.351Z] Navigating to https://demo.nopcommerce.com/
[2026-05-13T07:52:55.556Z] Waiting for Search Input to be visible
[2026-05-13T07:52:56.005Z] Search Input is visible
[2026-05-13T07:52:56.009Z] ================================================================================
[2026-05-13T07:52:56.009Z] RUN TEST: SC-002
[2026-05-13T07:52:56.010Z] ================================================================================
[2026-05-13T07:52:56.011Z] Navigate: Books 
[2026-05-13T07:52:56.012Z] Waiting for Top menu: Books to be visible
[2026-05-13T07:52:56.081Z] Top menu: Books is visible
[2026-05-13T07:52:56.081Z] Clicking element: Top menu: Books
[2026-05-13T07:52:56.082Z] Waiting for Top menu: Books to be clickable
[2026-05-13T07:52:56.082Z] Waiting for Top menu: Books to be visible
[2026-05-13T07:52:56.095Z] Top menu: Books is visible
[2026-05-13T07:52:56.109Z] Top menu: Books is clickable
[2026-05-13T07:52:57.011Z] Add to cart: First Prize Pies
[2026-05-13T07:52:57.012Z] Clicking element: Add button: First Prize Pies
[2026-05-13T07:52:57.012Z] Waiting for Add button: First Prize Pies to be clickable
[2026-05-13T07:52:57.013Z] Waiting for Add button: First Prize Pies to be visible
[2026-05-13T07:52:57.036Z] Add button: First Prize Pies is visible
[2026-05-13T07:52:57.064Z] Add button: First Prize Pies is clickable
[2026-05-13T07:52:57.158Z] Add to cart: First Prize Pies
[2026-05-13T07:52:57.158Z] Clicking element: Add button: First Prize Pies
[2026-05-13T07:52:57.159Z] Waiting for Add button: First Prize Pies to be clickable
[2026-05-13T07:52:57.159Z] Waiting for Add button: First Prize Pies to be visible
[2026-05-13T07:52:57.177Z] Add button: First Prize Pies is visible
[2026-05-13T07:52:57.199Z] Add button: First Prize Pies is clickable
[2026-05-13T07:52:57.281Z] Navigating to https://demo.nopcommerce.com/cart
[2026-05-13T07:52:58.277Z] Verify success notification
[2026-05-13T07:52:58.279Z] Waiting for success notification to be visible
[2026-05-13T07:53:03.866Z] ================================================================================
[2026-05-13T07:53:03.867Z] ===== END CART TEST =====
[2026-05-13T07:53:03.867Z] ================================================================================
