[2026-05-13T07:52:33.781Z] ================================================================================
[2026-05-13T07:52:33.783Z] ===== START CART TEST =====
[2026-05-13T07:52:33.784Z] ================================================================================
[2026-05-13T07:52:34.376Z] Navigate to: https://demo.nopcommerce.com/
[2026-05-13T07:52:34.377Z] Navigating to https://demo.nopcommerce.com/
[2026-05-13T07:52:35.702Z] Waiting for Search Input to be visible
[2026-05-13T07:52:35.827Z] Search Input is visible
[2026-05-13T07:52:35.828Z] ================================================================================
[2026-05-13T07:52:35.828Z] RUN TEST: SC-038
[2026-05-13T07:52:35.829Z] ================================================================================
[2026-05-13T07:52:35.831Z] Navigate: Books 
[2026-05-13T07:52:35.832Z] Waiting for Top menu: Books to be visible
[2026-05-13T07:52:35.846Z] Top menu: Books is visible
[2026-05-13T07:52:35.846Z] Clicking element: Top menu: Books
[2026-05-13T07:52:35.847Z] Waiting for Top menu: Books to be clickable
[2026-05-13T07:52:35.847Z] Waiting for Top menu: Books to be visible
[2026-05-13T07:52:35.857Z] Top menu: Books is visible
[2026-05-13T07:52:35.870Z] Top menu: Books is clickable
[2026-05-13T07:52:36.641Z] Add to cart: First Prize Pies
[2026-05-13T07:52:36.642Z] Clicking element: Add button: First Prize Pies
[2026-05-13T07:52:36.642Z] Waiting for Add button: First Prize Pies to be clickable
[2026-05-13T07:52:36.643Z] Waiting for Add button: First Prize Pies to be visible
[2026-05-13T07:52:36.666Z] Add button: First Prize Pies is visible
[2026-05-13T07:52:36.688Z] Add button: First Prize Pies is clickable
[2026-05-13T07:52:36.762Z] Navigating to https://demo.nopcommerce.com/cart
[2026-05-13T07:52:37.624Z] Remove item from cart
[2026-05-13T07:52:37.626Z] Clicking element: Remove button
[2026-05-13T07:52:37.629Z] Waiting for Remove button to be clickable
[2026-05-13T07:52:37.632Z] Waiting for Remove button to be visible
[2026-05-13T07:52:37.682Z] Remove button is visible
[2026-05-13T07:52:37.698Z] Remove button is clickable
[2026-05-13T07:52:38.729Z] ================================================================================
[2026-05-13T07:52:38.730Z] ===== END CART TEST =====
[2026-05-13T07:52:38.730Z] ================================================================================
