[2026-05-13T07:48:09.661Z] ================================================================================
[2026-05-13T07:48:09.663Z] ===== START CART TEST =====
[2026-05-13T07:48:09.664Z] ================================================================================
[2026-05-13T07:48:10.221Z] Navigate to: https://demo.nopcommerce.com/
[2026-05-13T07:48:10.221Z] Navigating to https://demo.nopcommerce.com/
[2026-05-13T07:48:11.455Z] Waiting for Search Input to be visible
[2026-05-13T07:48:11.690Z] Search Input is visible
[2026-05-13T07:48:11.691Z] ================================================================================
[2026-05-13T07:48:11.692Z] RUN TEST: SC-011
[2026-05-13T07:48:11.693Z] ================================================================================
[2026-05-13T07:48:11.696Z] Navigate: Computers > Notebooks
[2026-05-13T07:48:11.697Z] Waiting for Top menu: Computers to be visible
[2026-05-13T07:48:11.714Z] Top menu: Computers is visible
[2026-05-13T07:48:11.763Z] Waiting for Sub menu: Notebooks to be visible
[2026-05-13T07:48:11.780Z] Sub menu: Notebooks is visible
[2026-05-13T07:48:11.780Z] Clicking element: Sub menu: Notebooks
[2026-05-13T07:48:11.781Z] Waiting for Sub menu: Notebooks to be clickable
[2026-05-13T07:48:11.781Z] Waiting for Sub menu: Notebooks to be visible
[2026-05-13T07:48:11.794Z] Sub menu: Notebooks is visible
[2026-05-13T07:48:11.812Z] Sub menu: Notebooks is clickable
[2026-05-13T07:48:40.245Z] ================================================================================
[2026-05-13T07:48:40.247Z] ===== END CART TEST =====
[2026-05-13T07:48:40.248Z] ================================================================================
